#
# There is insufficient memory for the Java Runtime Environment to continue.
# Native memory allocation (malloc) failed to allocate 32744 bytes for ChunkPool::allocate
# Possible reasons:
#   The system is out of physical RAM or swap space
#   The process is running with CompressedOops enabled, and the Java Heap may be blocking the growth of the native heap
# Possible solutions:
#   Reduce memory load on the system
#   Increase physical memory or swap space
#   Check if swap backing store is full
#   Decrease Java heap size (-Xmx/-Xms)
#   Decrease number of Java threads
#   Decrease Java thread stack sizes (-Xss)
#   Set larger code cache with -XX:ReservedCodeCacheSize=
#   JVM is running with Unscaled Compressed Oops mode in which the Java heap is
#     placed in the first 4GB address space. The Java Heap base address is the
#     maximum limit for the native heap growth. Please use -XX:HeapBaseMinAddress
#     to set the Java Heap base and to place the Java Heap above 4GB virtual address.
# This output file may be truncated or incomplete.
#
#  Out of Memory Error (arena.cpp:78), pid=764, tid=5564
#
# JRE version: Java(TM) SE Runtime Environment (17.0.12+8) (build 17.0.12+8-LTS-286)
# Java VM: Java HotSpot(TM) 64-Bit Server VM (17.0.12+8-LTS-286, mixed mode, sharing, tiered, compressed oops, compressed class ptrs, g1 gc, windows-amd64)
# Core dump will be written. Default location: D:\EmployeeManagementAPI\hs_err_pid764.mdmp
#

---------------  S U M M A R Y ------------

Command Line: -Dclassworlds.conf=C:\apache-maven-3.9.9\bin\m2.conf -Dmaven.home=C:\apache-maven-3.9.9 -Dlibrary.jansi.path=C:\apache-maven-3.9.9\lib\jansi-native -Dmaven.multiModuleProjectDirectory=D:\EmployeeManagementAPI org.codehaus.plexus.classworlds.launcher.Launcher spring-boot:run

Host: Intel(R) Xeon(R) CPU E5-2686 v4 @ 2.30GHz, 2 cores, 3G,  Windows Server 2022 , 64 bit Build 20348 (10.0.20348.3089)
Time: Wed Apr  2 14:38:43 2025 Coordinated Universal Time elapsed time: 91406.469177 seconds (1d 1h 23m 26s)

---------------  T H R E A D  ---------------

Current thread (0x000001bcf3385de0):  JavaThread "C2 CompilerThread0" daemon [_thread_in_native, id=5564, stack(0x000000747ee00000,0x000000747ef00000)]


Current CompileTask:
C2:91406472 9595       4       jdk.internal.misc.InnocuousThread::eraseThreadLocals (23 bytes)

Stack: [0x000000747ee00000,0x000000747ef00000]
Native frames: (J=compiled Java code, j=interpreted, Vv=VM code, C=native code)
V  [jvm.dll+0x67a04a]
V  [jvm.dll+0x7da4ed]
V  [jvm.dll+0x7dbe33]
V  [jvm.dll+0x7dc4a3]
V  [jvm.dll+0x24508f]
V  [jvm.dll+0xab9a4]
V  [jvm.dll+0xabd3c]
V  [jvm.dll+0x2aa52f]
V  [jvm.dll+0x581eb9]
V  [jvm.dll+0x21f422]
V  [jvm.dll+0x21f81f]
V  [jvm.dll+0x218aa0]
V  [jvm.dll+0x215b65]
V  [jvm.dll+0x1a2960]
V  [jvm.dll+0x22610b]
V  [jvm.dll+0x2242ab]
V  [jvm.dll+0x79075c]
V  [jvm.dll+0x78abea]
V  [jvm.dll+0x678f35]
C  [ucrtbase.dll+0x26b4c]
C  [KERNEL32.DLL+0x14cb0]
C  [ntdll.dll+0x7edcb]


---------------  P R O C E S S  ---------------

Threads class SMR info:
_java_thread_list=0x000001bcd60be1a0, length=13, elements={
0x000001bcf32b45e0, 0x000001bcf336b720, 0x000001bcf336cb40, 0x000001bcf3380290,
0x000001bcf3382f80, 0x000001bcf3383850, 0x000001bcf3385130, 0x000001bcf3385de0,
0x000001bcf33877b0, 0x000001bcf338a0d0, 0x000001bcff3daa60, 0x000001bcff3e7390,
0x000001bcfff262e0
}
_to_delete_list=0x000001bcd60bd570, length=17, elements={
0x000001bcf32b45e0, 0x000001bcf336b720, 0x000001bcf336cb40, 0x000001bcf3380290,
0x000001bcf3382f80, 0x000001bcf3383850, 0x000001bcf3385130, 0x000001bcf3385de0,
0x000001bcf33877b0, 0x000001bcf338a0d0, 0x000001bcff3daa60, 0x000001bcff3e7390,
0x000001bcfff262e0, 0x000001bcd4a351e0, 0x000001bcd4a37040, 0x000001bcd4a36110,
0x000001bcd4a36620
}

Java Threads: ( => current thread )
  0x000001bcf32b45e0 JavaThread "main" [_thread_in_native, id=9832, stack(0x000000747e100000,0x000000747e200000)]
  0x000001bcf336b720 JavaThread "Reference Handler" daemon [_thread_blocked, id=8540, stack(0x000000747e800000,0x000000747e900000)]
  0x000001bcf336cb40 JavaThread "Finalizer" daemon [_thread_blocked, id=10124, stack(0x000000747e900000,0x000000747ea00000)]
  0x000001bcf3380290 JavaThread "Signal Dispatcher" daemon [_thread_blocked, id=2616, stack(0x000000747ea00000,0x000000747eb00000)]
  0x000001bcf3382f80 JavaThread "Attach Listener" daemon [_thread_blocked, id=3196, stack(0x000000747eb00000,0x000000747ec00000)]
  0x000001bcf3383850 JavaThread "Service Thread" daemon [_thread_blocked, id=8288, stack(0x000000747ec00000,0x000000747ed00000)]
  0x000001bcf3385130 JavaThread "Monitor Deflation Thread" daemon [_thread_blocked, id=7288, stack(0x000000747ed00000,0x000000747ee00000)]
=>0x000001bcf3385de0 JavaThread "C2 CompilerThread0" daemon [_thread_in_native, id=5564, stack(0x000000747ee00000,0x000000747ef00000)]
  0x000001bcf33877b0 JavaThread "C1 CompilerThread0" daemon [_thread_blocked, id=4700, stack(0x000000747ef00000,0x000000747f000000)]
  0x000001bcf338a0d0 JavaThread "Sweeper thread" daemon [_thread_blocked, id=7448, stack(0x000000747f000000,0x000000747f100000)]
  0x000001bcff3daa60 JavaThread "Notification Thread" daemon [_thread_blocked, id=4580, stack(0x000000747f100000,0x000000747f200000)]
  0x000001bcff3e7390 JavaThread "Common-Cleaner" daemon [_thread_blocked, id=8604, stack(0x000000747f300000,0x000000747f400000)]
  0x000001bcfff262e0 JavaThread "Thread-1" daemon [_thread_blocked, id=4228, stack(0x000000747f500000,0x000000747f600000)]

Other Threads:
  0x000001bcf3366450 VMThread "VM Thread" [stack: 0x000000747e700000,0x000000747e800000] [id=8872]
  0x000001bcf3301c20 WatcherThread [stack: 0x000000747f200000,0x000000747f300000] [id=8832]
  0x000001bcf32f2700 GCTaskThread "GC Thread#0" [stack: 0x000000747e200000,0x000000747e300000] [id=6344]
  0x000001bcff6b9670 GCTaskThread "GC Thread#1" [stack: 0x000000747f400000,0x000000747f500000] [id=5060]
  0x000001bcf32fb550 ConcurrentGCThread "G1 Main Marker" [stack: 0x000000747e300000,0x000000747e400000] [id=1032]
  0x000001bcf32fc470 ConcurrentGCThread "G1 Conc#0" [stack: 0x000000747e400000,0x000000747e500000] [id=9248]
  0x000001bcf33452e0 ConcurrentGCThread "G1 Refine#0" [stack: 0x000000747e500000,0x000000747e600000] [id=9524]
  0x000001bcd4282350 ConcurrentGCThread "G1 Refine#1" [stack: 0x000000747f700000,0x000000747f800000] [id=7780]
  0x000001bcf3345c10 ConcurrentGCThread "G1 Service" [stack: 0x000000747e600000,0x000000747e700000] [id=3652]

Threads with active compile tasks:
C2 CompilerThread0  91406784 9595       4       jdk.internal.misc.InnocuousThread::eraseThreadLocals (23 bytes)

VM state: not at safepoint (normal execution)

VM Mutex/Monitor currently owned by a thread: None

Heap address: 0x00000000c0000000, size: 1024 MB, Compressed Oops mode: 32-bit

CDS archive(s) mapped at: [0x000001bc8f000000-0x000001bc8fbd0000-0x000001bc8fbd0000), size 12386304, SharedBaseAddress: 0x000001bc8f000000, ArchiveRelocationMode: 1.
Compressed class space mapped at: 0x000001bc90000000-0x000001bcd0000000, reserved size: 1073741824
Narrow klass base: 0x000001bc8f000000, Narrow klass shift: 0, Narrow klass range: 0x100000000

GC Precious Log:
 CPUs: 2 total, 2 available
 Memory: 4095M
 Large Page Support: Disabled
 NUMA Support: Disabled
 Compressed Oops: Enabled (32-bit)
 Heap Region Size: 1M
 Heap Min Capacity: 8M
 Heap Initial Capacity: 64M
 Heap Max Capacity: 1G
 Pre-touch: Disabled
 Parallel Workers: 2
 Concurrent Workers: 1
 Concurrent Refinement Workers: 2
 Periodic GC: Disabled

Heap:
 garbage-first heap   total 279552K, used 142808K [0x00000000c0000000, 0x0000000100000000)
  region size 1024K, 91 young (93184K), 1 survivors (1024K)
 Metaspace       used 39777K, committed 40192K, reserved 1114112K
  class space    used 4486K, committed 4672K, reserved 1048576K

Heap Regions: E=young(eden), S=young(survivor), O=old, HS=humongous(starts), HC=humongous(continues), CS=collection set, F=free, OA=open archive, CA=closed archive, TAMS=top-at-mark-start (previous, next)
|   0|0x00000000c0000000, 0x00000000c0100000, 0x00000000c0100000|100%| O|  |TAMS 0x00000000c0100000, 0x00000000c0000000| Untracked 
|   1|0x00000000c0100000, 0x00000000c0200000, 0x00000000c0200000|100%| O|  |TAMS 0x00000000c0200000, 0x00000000c0100000| Untracked 
|   2|0x00000000c0200000, 0x00000000c0300000, 0x00000000c0300000|100%| O|  |TAMS 0x00000000c0300000, 0x00000000c0200000| Untracked 
|   3|0x00000000c0300000, 0x00000000c0400000, 0x00000000c0400000|100%| O|  |TAMS 0x00000000c0400000, 0x00000000c0300000| Untracked 
|   4|0x00000000c0400000, 0x00000000c04fd800, 0x00000000c0500000| 99%| O|  |TAMS 0x00000000c04fd800, 0x00000000c0400000| Untracked 
|   5|0x00000000c0500000, 0x00000000c0600000, 0x00000000c0600000|100%| O|  |TAMS 0x00000000c0600000, 0x00000000c0500000| Untracked 
|   6|0x00000000c0600000, 0x00000000c0700000, 0x00000000c0700000|100%| O|  |TAMS 0x00000000c0700000, 0x00000000c0600000| Untracked 
|   7|0x00000000c0700000, 0x00000000c0800000, 0x00000000c0800000|100%| O|  |TAMS 0x00000000c0800000, 0x00000000c0700000| Untracked 
|   8|0x00000000c0800000, 0x00000000c0900000, 0x00000000c0900000|100%| O|  |TAMS 0x00000000c0900000, 0x00000000c0800000| Untracked 
|   9|0x00000000c0900000, 0x00000000c0a00000, 0x00000000c0a00000|100%| O|  |TAMS 0x00000000c0a00000, 0x00000000c0900000| Untracked 
|  10|0x00000000c0a00000, 0x00000000c0b00000, 0x00000000c0b00000|100%| O|  |TAMS 0x00000000c0b00000, 0x00000000c0a00000| Untracked 
|  11|0x00000000c0b00000, 0x00000000c0c00000, 0x00000000c0c00000|100%| O|  |TAMS 0x00000000c0c00000, 0x00000000c0b00000| Untracked 
|  12|0x00000000c0c00000, 0x00000000c0d00000, 0x00000000c0d00000|100%| O|  |TAMS 0x00000000c0d00000, 0x00000000c0c00000| Untracked 
|  13|0x00000000c0d00000, 0x00000000c0e00000, 0x00000000c0e00000|100%| O|  |TAMS 0x00000000c0e00000, 0x00000000c0d00000| Untracked 
|  14|0x00000000c0e00000, 0x00000000c0f00000, 0x00000000c0f00000|100%| O|  |TAMS 0x00000000c0f00000, 0x00000000c0e00000| Untracked 
|  15|0x00000000c0f00000, 0x00000000c1000000, 0x00000000c1000000|100%|HS|  |TAMS 0x00000000c0f00000, 0x00000000c0f00000| Complete 
|  16|0x00000000c1000000, 0x00000000c1100000, 0x00000000c1100000|100%| O|  |TAMS 0x00000000c1100000, 0x00000000c1000000| Untracked 
|  17|0x00000000c1100000, 0x00000000c1200000, 0x00000000c1200000|100%| O|  |TAMS 0x00000000c1200000, 0x00000000c1100000| Untracked 
|  18|0x00000000c1200000, 0x00000000c1300000, 0x00000000c1300000|100%| O|  |TAMS 0x00000000c1300000, 0x00000000c1200000| Untracked 
|  19|0x00000000c1300000, 0x00000000c1400000, 0x00000000c1400000|100%| O|  |TAMS 0x00000000c1400000, 0x00000000c1300000| Untracked 
|  20|0x00000000c1400000, 0x00000000c1500000, 0x00000000c1500000|100%|HS|  |TAMS 0x00000000c1400000, 0x00000000c1400000| Complete 
|  21|0x00000000c1500000, 0x00000000c1600000, 0x00000000c1600000|100%| O|  |TAMS 0x00000000c1600000, 0x00000000c1500000| Untracked 
|  22|0x00000000c1600000, 0x00000000c1700000, 0x00000000c1700000|100%|HS|  |TAMS 0x00000000c1600000, 0x00000000c1600000| Complete 
|  23|0x00000000c1700000, 0x00000000c1700000, 0x00000000c1800000|  0%| F|  |TAMS 0x00000000c1700000, 0x00000000c1700000| Untracked 
|  24|0x00000000c1800000, 0x00000000c1900000, 0x00000000c1900000|100%| O|  |TAMS 0x00000000c1800000, 0x00000000c1800000| Untracked 
|  25|0x00000000c1900000, 0x00000000c1978a00, 0x00000000c1a00000| 47%| O|  |TAMS 0x00000000c1900000, 0x00000000c1900000| Untracked 
|  26|0x00000000c1a00000, 0x00000000c1a00000, 0x00000000c1b00000|  0%| F|  |TAMS 0x00000000c1a00000, 0x00000000c1a00000| Untracked 
|  27|0x00000000c1b00000, 0x00000000c1c00000, 0x00000000c1c00000|100%| O|  |TAMS 0x00000000c1c00000, 0x00000000c1b00000| Untracked 
|  28|0x00000000c1c00000, 0x00000000c1c00000, 0x00000000c1d00000|  0%| F|  |TAMS 0x00000000c1c00000, 0x00000000c1c00000| Untracked 
|  29|0x00000000c1d00000, 0x00000000c1d00000, 0x00000000c1e00000|  0%| F|  |TAMS 0x00000000c1d00000, 0x00000000c1d00000| Untracked 
|  30|0x00000000c1e00000, 0x00000000c1e00000, 0x00000000c1f00000|  0%| F|  |TAMS 0x00000000c1e00000, 0x00000000c1e00000| Untracked 
|  31|0x00000000c1f00000, 0x00000000c1f00000, 0x00000000c2000000|  0%| F|  |TAMS 0x00000000c1f00000, 0x00000000c1f00000| Untracked 
|  32|0x00000000c2000000, 0x00000000c2100000, 0x00000000c2100000|100%| O|  |TAMS 0x00000000c2100000, 0x00000000c2000000| Untracked 
|  33|0x00000000c2100000, 0x00000000c2100000, 0x00000000c2200000|  0%| F|  |TAMS 0x00000000c2100000, 0x00000000c2100000| Untracked 
|  34|0x00000000c2200000, 0x00000000c2300000, 0x00000000c2300000|100%|HS|  |TAMS 0x00000000c2200000, 0x00000000c2200000| Complete 
|  35|0x00000000c2300000, 0x00000000c2400000, 0x00000000c2400000|100%| O|  |TAMS 0x00000000c23cf400, 0x00000000c2300000| Untracked 
|  36|0x00000000c2400000, 0x00000000c2500000, 0x00000000c2500000|100%| O|  |TAMS 0x00000000c2400000, 0x00000000c2400000| Untracked 
|  37|0x00000000c2500000, 0x00000000c2600000, 0x00000000c2600000|100%| O|  |TAMS 0x00000000c2600000, 0x00000000c2500000| Untracked 
|  38|0x00000000c2600000, 0x00000000c2700000, 0x00000000c2700000|100%| O|  |TAMS 0x00000000c2700000, 0x00000000c2600000| Untracked 
|  39|0x00000000c2700000, 0x00000000c2700000, 0x00000000c2800000|  0%| F|  |TAMS 0x00000000c2700000, 0x00000000c2700000| Untracked 
|  40|0x00000000c2800000, 0x00000000c2900000, 0x00000000c2900000|100%| O|  |TAMS 0x00000000c2800000, 0x00000000c2800000| Untracked 
|  41|0x00000000c2900000, 0x00000000c2a00000, 0x00000000c2a00000|100%| O|  |TAMS 0x00000000c2900000, 0x00000000c2900000| Untracked 
|  42|0x00000000c2a00000, 0x00000000c2a00000, 0x00000000c2b00000|  0%| F|  |TAMS 0x00000000c2a00000, 0x00000000c2a00000| Untracked 
|  43|0x00000000c2b00000, 0x00000000c2b00000, 0x00000000c2c00000|  0%| F|  |TAMS 0x00000000c2b00000, 0x00000000c2b00000| Untracked 
|  44|0x00000000c2c00000, 0x00000000c2d00000, 0x00000000c2d00000|100%| O|  |TAMS 0x00000000c2d00000, 0x00000000c2c00000| Untracked 
|  45|0x00000000c2d00000, 0x00000000c2d00000, 0x00000000c2e00000|  0%| F|  |TAMS 0x00000000c2d00000, 0x00000000c2d00000| Untracked 
|  46|0x00000000c2e00000, 0x00000000c2f00000, 0x00000000c2f00000|100%|HS|  |TAMS 0x00000000c2e00000, 0x00000000c2e00000| Complete 
|  47|0x00000000c2f00000, 0x00000000c3000000, 0x00000000c3000000|100%|HC|  |TAMS 0x00000000c2f00000, 0x00000000c2f00000| Complete 
|  48|0x00000000c3000000, 0x00000000c3100000, 0x00000000c3100000|100%| O|  |TAMS 0x00000000c3000000, 0x00000000c3000000| Untracked 
|  49|0x00000000c3100000, 0x00000000c3200000, 0x00000000c3200000|100%| O|  |TAMS 0x00000000c3100000, 0x00000000c3100000| Untracked 
|  50|0x00000000c3200000, 0x00000000c3300000, 0x00000000c3300000|100%| O|  |TAMS 0x00000000c3200000, 0x00000000c3200000| Untracked 
|  51|0x00000000c3300000, 0x00000000c3400000, 0x00000000c3400000|100%| O|  |TAMS 0x00000000c3300000, 0x00000000c3300000| Untracked 
|  52|0x00000000c3400000, 0x00000000c3500000, 0x00000000c3500000|100%| O|  |TAMS 0x00000000c3400000, 0x00000000c3400000| Untracked 
|  53|0x00000000c3500000, 0x00000000c3600000, 0x00000000c3600000|100%| O|  |TAMS 0x00000000c3500000, 0x00000000c3500000| Untracked 
|  54|0x00000000c3600000, 0x00000000c3700000, 0x00000000c3700000|100%| O|  |TAMS 0x00000000c3600000, 0x00000000c3600000| Untracked 
|  55|0x00000000c3700000, 0x00000000c3800000, 0x00000000c3800000|100%| O|  |TAMS 0x00000000c3700000, 0x00000000c3700000| Untracked 
|  56|0x00000000c3800000, 0x00000000c3900000, 0x00000000c3900000|100%| O|  |TAMS 0x00000000c3800000, 0x00000000c3800000| Untracked 
|  57|0x00000000c3900000, 0x00000000c3a00000, 0x00000000c3a00000|100%| O|  |TAMS 0x00000000c3900000, 0x00000000c3900000| Untracked 
|  58|0x00000000c3a00000, 0x00000000c3b00000, 0x00000000c3b00000|100%| O|  |TAMS 0x00000000c3a00000, 0x00000000c3a00000| Untracked 
|  59|0x00000000c3b00000, 0x00000000c3b00000, 0x00000000c3c00000|  0%| F|  |TAMS 0x00000000c3b00000, 0x00000000c3b00000| Untracked 
|  60|0x00000000c3c00000, 0x00000000c3c00000, 0x00000000c3d00000|  0%| F|  |TAMS 0x00000000c3c00000, 0x00000000c3c00000| Untracked 
|  61|0x00000000c3d00000, 0x00000000c3d00000, 0x00000000c3e00000|  0%| F|  |TAMS 0x00000000c3d00000, 0x00000000c3d00000| Untracked 
|  62|0x00000000c3e00000, 0x00000000c3e00000, 0x00000000c3f00000|  0%| F|  |TAMS 0x00000000c3e00000, 0x00000000c3e00000| Untracked 
|  63|0x00000000c3f00000, 0x00000000c3f00000, 0x00000000c4000000|  0%| F|  |TAMS 0x00000000c3f00000, 0x00000000c3f00000| Untracked 
|  64|0x00000000c4000000, 0x00000000c4000000, 0x00000000c4100000|  0%| F|  |TAMS 0x00000000c4000000, 0x00000000c4000000| Untracked 
|  65|0x00000000c4100000, 0x00000000c4100000, 0x00000000c4200000|  0%| F|  |TAMS 0x00000000c4100000, 0x00000000c4100000| Untracked 
|  66|0x00000000c4200000, 0x00000000c4200000, 0x00000000c4300000|  0%| F|  |TAMS 0x00000000c4200000, 0x00000000c4200000| Untracked 
|  67|0x00000000c4300000, 0x00000000c4300000, 0x00000000c4400000|  0%| F|  |TAMS 0x00000000c4300000, 0x00000000c4300000| Untracked 
|  68|0x00000000c4400000, 0x00000000c4400000, 0x00000000c4500000|  0%| F|  |TAMS 0x00000000c4400000, 0x00000000c4400000| Untracked 
|  69|0x00000000c4500000, 0x00000000c4500000, 0x00000000c4600000|  0%| F|  |TAMS 0x00000000c4500000, 0x00000000c4500000| Untracked 
|  70|0x00000000c4600000, 0x00000000c4600000, 0x00000000c4700000|  0%| F|  |TAMS 0x00000000c4600000, 0x00000000c4600000| Untracked 
|  71|0x00000000c4700000, 0x00000000c4700000, 0x00000000c4800000|  0%| F|  |TAMS 0x00000000c4700000, 0x00000000c4700000| Untracked 
|  72|0x00000000c4800000, 0x00000000c4800000, 0x00000000c4900000|  0%| F|  |TAMS 0x00000000c4800000, 0x00000000c4800000| Untracked 
|  73|0x00000000c4900000, 0x00000000c4900000, 0x00000000c4a00000|  0%| F|  |TAMS 0x00000000c4900000, 0x00000000c4900000| Untracked 
|  74|0x00000000c4a00000, 0x00000000c4a00000, 0x00000000c4b00000|  0%| F|  |TAMS 0x00000000c4a00000, 0x00000000c4a00000| Untracked 
|  75|0x00000000c4b00000, 0x00000000c4b00000, 0x00000000c4c00000|  0%| F|  |TAMS 0x00000000c4b00000, 0x00000000c4b00000| Untracked 
|  76|0x00000000c4c00000, 0x00000000c4c00000, 0x00000000c4d00000|  0%| F|  |TAMS 0x00000000c4c00000, 0x00000000c4c00000| Untracked 
|  77|0x00000000c4d00000, 0x00000000c4d00000, 0x00000000c4e00000|  0%| F|  |TAMS 0x00000000c4d00000, 0x00000000c4d00000| Untracked 
|  78|0x00000000c4e00000, 0x00000000c4e00000, 0x00000000c4f00000|  0%| F|  |TAMS 0x00000000c4e00000, 0x00000000c4e00000| Untracked 
|  79|0x00000000c4f00000, 0x00000000c4f00000, 0x00000000c5000000|  0%| F|  |TAMS 0x00000000c4f00000, 0x00000000c4f00000| Untracked 
|  80|0x00000000c5000000, 0x00000000c5000000, 0x00000000c5100000|  0%| F|  |TAMS 0x00000000c5000000, 0x00000000c5000000| Untracked 
|  81|0x00000000c5100000, 0x00000000c5100000, 0x00000000c5200000|  0%| F|  |TAMS 0x00000000c5100000, 0x00000000c5100000| Untracked 
|  82|0x00000000c5200000, 0x00000000c5200000, 0x00000000c5300000|  0%| F|  |TAMS 0x00000000c5200000, 0x00000000c5200000| Untracked 
|  83|0x00000000c5300000, 0x00000000c5300000, 0x00000000c5400000|  0%| F|  |TAMS 0x00000000c5300000, 0x00000000c5300000| Untracked 
|  84|0x00000000c5400000, 0x00000000c5400000, 0x00000000c5500000|  0%| F|  |TAMS 0x00000000c5400000, 0x00000000c5400000| Untracked 
|  85|0x00000000c5500000, 0x00000000c5500000, 0x00000000c5600000|  0%| F|  |TAMS 0x00000000c5500000, 0x00000000c5500000| Untracked 
|  86|0x00000000c5600000, 0x00000000c5600000, 0x00000000c5700000|  0%| F|  |TAMS 0x00000000c5600000, 0x00000000c5600000| Untracked 
|  87|0x00000000c5700000, 0x00000000c5700000, 0x00000000c5800000|  0%| F|  |TAMS 0x00000000c5700000, 0x00000000c5700000| Untracked 
|  88|0x00000000c5800000, 0x00000000c5900000, 0x00000000c5900000|100%| S|CS|TAMS 0x00000000c5800000, 0x00000000c5800000| Complete 
|  89|0x00000000c5900000, 0x00000000c5900000, 0x00000000c5a00000|  0%| F|  |TAMS 0x00000000c5900000, 0x00000000c5900000| Untracked 
|  90|0x00000000c5a00000, 0x00000000c5a00000, 0x00000000c5b00000|  0%| F|  |TAMS 0x00000000c5a00000, 0x00000000c5a00000| Untracked 
|  91|0x00000000c5b00000, 0x00000000c5b00000, 0x00000000c5c00000|  0%| F|  |TAMS 0x00000000c5b00000, 0x00000000c5b00000| Untracked 
|  92|0x00000000c5c00000, 0x00000000c5c00000, 0x00000000c5d00000|  0%| F|  |TAMS 0x00000000c5c00000, 0x00000000c5c00000| Untracked 
|  93|0x00000000c5d00000, 0x00000000c5d00000, 0x00000000c5e00000|  0%| F|  |TAMS 0x00000000c5d00000, 0x00000000c5d00000| Untracked 
|  94|0x00000000c5e00000, 0x00000000c5e00000, 0x00000000c5f00000|  0%| F|  |TAMS 0x00000000c5e00000, 0x00000000c5e00000| Untracked 
|  95|0x00000000c5f00000, 0x00000000c5f00000, 0x00000000c6000000|  0%| F|  |TAMS 0x00000000c5f00000, 0x00000000c5f00000| Untracked 
|  96|0x00000000c6000000, 0x00000000c6000000, 0x00000000c6100000|  0%| F|  |TAMS 0x00000000c6000000, 0x00000000c6000000| Untracked 
|  97|0x00000000c6100000, 0x00000000c6100000, 0x00000000c6200000|  0%| F|  |TAMS 0x00000000c6100000, 0x00000000c6100000| Untracked 
|  98|0x00000000c6200000, 0x00000000c6200000, 0x00000000c6300000|  0%| F|  |TAMS 0x00000000c6200000, 0x00000000c6200000| Untracked 
|  99|0x00000000c6300000, 0x00000000c6300000, 0x00000000c6400000|  0%| F|  |TAMS 0x00000000c6300000, 0x00000000c6300000| Untracked 
| 100|0x00000000c6400000, 0x00000000c6400000, 0x00000000c6500000|  0%| F|  |TAMS 0x00000000c6400000, 0x00000000c6400000| Untracked 
| 101|0x00000000c6500000, 0x00000000c6500000, 0x00000000c6600000|  0%| F|  |TAMS 0x00000000c6500000, 0x00000000c6500000| Untracked 
| 102|0x00000000c6600000, 0x00000000c6600000, 0x00000000c6700000|  0%| F|  |TAMS 0x00000000c6600000, 0x00000000c6600000| Untracked 
| 103|0x00000000c6700000, 0x00000000c6700000, 0x00000000c6800000|  0%| F|  |TAMS 0x00000000c6700000, 0x00000000c6700000| Untracked 
| 104|0x00000000c6800000, 0x00000000c6800000, 0x00000000c6900000|  0%| F|  |TAMS 0x00000000c6800000, 0x00000000c6800000| Untracked 
| 105|0x00000000c6900000, 0x00000000c6900000, 0x00000000c6a00000|  0%| F|  |TAMS 0x00000000c6900000, 0x00000000c6900000| Untracked 
| 106|0x00000000c6a00000, 0x00000000c6a00000, 0x00000000c6b00000|  0%| F|  |TAMS 0x00000000c6a00000, 0x00000000c6a00000| Untracked 
| 107|0x00000000c6b00000, 0x00000000c6b00000, 0x00000000c6c00000|  0%| F|  |TAMS 0x00000000c6b00000, 0x00000000c6b00000| Untracked 
| 108|0x00000000c6c00000, 0x00000000c6c00000, 0x00000000c6d00000|  0%| F|  |TAMS 0x00000000c6c00000, 0x00000000c6c00000| Untracked 
| 109|0x00000000c6d00000, 0x00000000c6d00000, 0x00000000c6e00000|  0%| F|  |TAMS 0x00000000c6d00000, 0x00000000c6d00000| Untracked 
| 110|0x00000000c6e00000, 0x00000000c6e00000, 0x00000000c6f00000|  0%| F|  |TAMS 0x00000000c6e00000, 0x00000000c6e00000| Untracked 
| 111|0x00000000c6f00000, 0x00000000c6f00000, 0x00000000c7000000|  0%| F|  |TAMS 0x00000000c6f00000, 0x00000000c6f00000| Untracked 
| 112|0x00000000c7000000, 0x00000000c7000000, 0x00000000c7100000|  0%| F|  |TAMS 0x00000000c7000000, 0x00000000c7000000| Untracked 
| 113|0x00000000c7100000, 0x00000000c7100000, 0x00000000c7200000|  0%| F|  |TAMS 0x00000000c7100000, 0x00000000c7100000| Untracked 
| 114|0x00000000c7200000, 0x00000000c7200000, 0x00000000c7300000|  0%| F|  |TAMS 0x00000000c7200000, 0x00000000c7200000| Untracked 
| 115|0x00000000c7300000, 0x00000000c7300000, 0x00000000c7400000|  0%| F|  |TAMS 0x00000000c7300000, 0x00000000c7300000| Untracked 
| 116|0x00000000c7400000, 0x00000000c7400000, 0x00000000c7500000|  0%| F|  |TAMS 0x00000000c7400000, 0x00000000c7400000| Untracked 
| 117|0x00000000c7500000, 0x00000000c7500000, 0x00000000c7600000|  0%| F|  |TAMS 0x00000000c7500000, 0x00000000c7500000| Untracked 
| 118|0x00000000c7600000, 0x00000000c7600000, 0x00000000c7700000|  0%| F|  |TAMS 0x00000000c7600000, 0x00000000c7600000| Untracked 
| 119|0x00000000c7700000, 0x00000000c7700000, 0x00000000c7800000|  0%| F|  |TAMS 0x00000000c7700000, 0x00000000c7700000| Untracked 
| 120|0x00000000c7800000, 0x00000000c7800000, 0x00000000c7900000|  0%| F|  |TAMS 0x00000000c7800000, 0x00000000c7800000| Untracked 
| 121|0x00000000c7900000, 0x00000000c7900000, 0x00000000c7a00000|  0%| F|  |TAMS 0x00000000c7900000, 0x00000000c7900000| Untracked 
| 122|0x00000000c7a00000, 0x00000000c7a00000, 0x00000000c7b00000|  0%| F|  |TAMS 0x00000000c7a00000, 0x00000000c7a00000| Untracked 
| 123|0x00000000c7b00000, 0x00000000c7b00000, 0x00000000c7c00000|  0%| F|  |TAMS 0x00000000c7b00000, 0x00000000c7b00000| Untracked 
| 124|0x00000000c7c00000, 0x00000000c7c00000, 0x00000000c7d00000|  0%| F|  |TAMS 0x00000000c7c00000, 0x00000000c7c00000| Untracked 
| 125|0x00000000c7d00000, 0x00000000c7d00000, 0x00000000c7e00000|  0%| F|  |TAMS 0x00000000c7d00000, 0x00000000c7d00000| Untracked 
| 126|0x00000000c7e00000, 0x00000000c7e00000, 0x00000000c7f00000|  0%| F|  |TAMS 0x00000000c7e00000, 0x00000000c7e00000| Untracked 
| 127|0x00000000c7f00000, 0x00000000c7f00000, 0x00000000c8000000|  0%| F|  |TAMS 0x00000000c7f00000, 0x00000000c7f00000| Untracked 
| 128|0x00000000c8000000, 0x00000000c8000000, 0x00000000c8100000|  0%| F|  |TAMS 0x00000000c8000000, 0x00000000c8000000| Untracked 
| 129|0x00000000c8100000, 0x00000000c8100000, 0x00000000c8200000|  0%| F|  |TAMS 0x00000000c8100000, 0x00000000c8100000| Untracked 
| 130|0x00000000c8200000, 0x00000000c8200000, 0x00000000c8300000|  0%| F|  |TAMS 0x00000000c8200000, 0x00000000c8200000| Untracked 
| 131|0x00000000c8300000, 0x00000000c8300000, 0x00000000c8400000|  0%| F|  |TAMS 0x00000000c8300000, 0x00000000c8300000| Untracked 
| 132|0x00000000c8400000, 0x00000000c8400000, 0x00000000c8500000|  0%| F|  |TAMS 0x00000000c8400000, 0x00000000c8400000| Untracked 
| 133|0x00000000c8500000, 0x00000000c8500000, 0x00000000c8600000|  0%| F|  |TAMS 0x00000000c8500000, 0x00000000c8500000| Untracked 
| 134|0x00000000c8600000, 0x00000000c8600000, 0x00000000c8700000|  0%| F|  |TAMS 0x00000000c8600000, 0x00000000c8600000| Untracked 
| 135|0x00000000c8700000, 0x00000000c8700000, 0x00000000c8800000|  0%| F|  |TAMS 0x00000000c8700000, 0x00000000c8700000| Untracked 
| 136|0x00000000c8800000, 0x00000000c8800000, 0x00000000c8900000|  0%| F|  |TAMS 0x00000000c8800000, 0x00000000c8800000| Untracked 
| 137|0x00000000c8900000, 0x00000000c8900000, 0x00000000c8a00000|  0%| F|  |TAMS 0x00000000c8900000, 0x00000000c8900000| Untracked 
| 138|0x00000000c8a00000, 0x00000000c8a00000, 0x00000000c8b00000|  0%| F|  |TAMS 0x00000000c8a00000, 0x00000000c8a00000| Untracked 
| 139|0x00000000c8b00000, 0x00000000c8b00000, 0x00000000c8c00000|  0%| F|  |TAMS 0x00000000c8b00000, 0x00000000c8b00000| Untracked 
| 140|0x00000000c8c00000, 0x00000000c8c00000, 0x00000000c8d00000|  0%| F|  |TAMS 0x00000000c8c00000, 0x00000000c8c00000| Untracked 
| 141|0x00000000c8d00000, 0x00000000c8d00000, 0x00000000c8e00000|  0%| F|  |TAMS 0x00000000c8d00000, 0x00000000c8d00000| Untracked 
| 142|0x00000000c8e00000, 0x00000000c8e00000, 0x00000000c8f00000|  0%| F|  |TAMS 0x00000000c8e00000, 0x00000000c8e00000| Untracked 
| 143|0x00000000c8f00000, 0x00000000c8f00000, 0x00000000c9000000|  0%| F|  |TAMS 0x00000000c8f00000, 0x00000000c8f00000| Untracked 
| 144|0x00000000c9000000, 0x00000000c9000000, 0x00000000c9100000|  0%| F|  |TAMS 0x00000000c9000000, 0x00000000c9000000| Untracked 
| 145|0x00000000c9100000, 0x00000000c9100000, 0x00000000c9200000|  0%| F|  |TAMS 0x00000000c9100000, 0x00000000c9100000| Untracked 
| 146|0x00000000c9200000, 0x00000000c9200000, 0x00000000c9300000|  0%| F|  |TAMS 0x00000000c9200000, 0x00000000c9200000| Untracked 
| 147|0x00000000c9300000, 0x00000000c9300000, 0x00000000c9400000|  0%| F|  |TAMS 0x00000000c9300000, 0x00000000c9300000| Untracked 
| 148|0x00000000c9400000, 0x00000000c9400000, 0x00000000c9500000|  0%| F|  |TAMS 0x00000000c9400000, 0x00000000c9400000| Untracked 
| 149|0x00000000c9500000, 0x00000000c9500000, 0x00000000c9600000|  0%| F|  |TAMS 0x00000000c9500000, 0x00000000c9500000| Untracked 
| 150|0x00000000c9600000, 0x00000000c9600000, 0x00000000c9700000|  0%| F|  |TAMS 0x00000000c9600000, 0x00000000c9600000| Untracked 
| 151|0x00000000c9700000, 0x00000000c9700000, 0x00000000c9800000|  0%| F|  |TAMS 0x00000000c9700000, 0x00000000c9700000| Untracked 
| 152|0x00000000c9800000, 0x00000000c9800000, 0x00000000c9900000|  0%| F|  |TAMS 0x00000000c9800000, 0x00000000c9800000| Untracked 
| 153|0x00000000c9900000, 0x00000000c9900000, 0x00000000c9a00000|  0%| F|  |TAMS 0x00000000c9900000, 0x00000000c9900000| Untracked 
| 154|0x00000000c9a00000, 0x00000000c9a00000, 0x00000000c9b00000|  0%| F|  |TAMS 0x00000000c9a00000, 0x00000000c9a00000| Untracked 
| 155|0x00000000c9b00000, 0x00000000c9b00000, 0x00000000c9c00000|  0%| F|  |TAMS 0x00000000c9b00000, 0x00000000c9b00000| Untracked 
| 156|0x00000000c9c00000, 0x00000000c9c00000, 0x00000000c9d00000|  0%| F|  |TAMS 0x00000000c9c00000, 0x00000000c9c00000| Untracked 
| 157|0x00000000c9d00000, 0x00000000c9d00000, 0x00000000c9e00000|  0%| F|  |TAMS 0x00000000c9d00000, 0x00000000c9d00000| Untracked 
| 158|0x00000000c9e00000, 0x00000000c9e00000, 0x00000000c9f00000|  0%| F|  |TAMS 0x00000000c9e00000, 0x00000000c9e00000| Untracked 
| 159|0x00000000c9f00000, 0x00000000c9f00000, 0x00000000ca000000|  0%| F|  |TAMS 0x00000000c9f00000, 0x00000000c9f00000| Untracked 
| 160|0x00000000ca000000, 0x00000000ca000000, 0x00000000ca100000|  0%| F|  |TAMS 0x00000000ca000000, 0x00000000ca000000| Untracked 
| 161|0x00000000ca100000, 0x00000000ca100000, 0x00000000ca200000|  0%| F|  |TAMS 0x00000000ca100000, 0x00000000ca100000| Untracked 
| 162|0x00000000ca200000, 0x00000000ca200000, 0x00000000ca300000|  0%| F|  |TAMS 0x00000000ca200000, 0x00000000ca200000| Untracked 
| 163|0x00000000ca300000, 0x00000000ca300000, 0x00000000ca400000|  0%| F|  |TAMS 0x00000000ca300000, 0x00000000ca300000| Untracked 
| 164|0x00000000ca400000, 0x00000000ca400000, 0x00000000ca500000|  0%| F|  |TAMS 0x00000000ca400000, 0x00000000ca400000| Untracked 
| 165|0x00000000ca500000, 0x00000000ca500000, 0x00000000ca600000|  0%| F|  |TAMS 0x00000000ca500000, 0x00000000ca500000| Untracked 
| 166|0x00000000ca600000, 0x00000000ca600000, 0x00000000ca700000|  0%| F|  |TAMS 0x00000000ca600000, 0x00000000ca600000| Untracked 
| 167|0x00000000ca700000, 0x00000000ca700000, 0x00000000ca800000|  0%| F|  |TAMS 0x00000000ca700000, 0x00000000ca700000| Untracked 
| 168|0x00000000ca800000, 0x00000000ca800000, 0x00000000ca900000|  0%| F|  |TAMS 0x00000000ca800000, 0x00000000ca800000| Untracked 
| 169|0x00000000ca900000, 0x00000000ca900000, 0x00000000caa00000|  0%| F|  |TAMS 0x00000000ca900000, 0x00000000ca900000| Untracked 
| 170|0x00000000caa00000, 0x00000000caa00000, 0x00000000cab00000|  0%| F|  |TAMS 0x00000000caa00000, 0x00000000caa00000| Untracked 
| 171|0x00000000cab00000, 0x00000000cab00000, 0x00000000cac00000|  0%| F|  |TAMS 0x00000000cab00000, 0x00000000cab00000| Untracked 
| 172|0x00000000cac00000, 0x00000000cac00000, 0x00000000cad00000|  0%| F|  |TAMS 0x00000000cac00000, 0x00000000cac00000| Untracked 
| 173|0x00000000cad00000, 0x00000000cad00000, 0x00000000cae00000|  0%| F|  |TAMS 0x00000000cad00000, 0x00000000cad00000| Untracked 
| 174|0x00000000cae00000, 0x00000000cae00000, 0x00000000caf00000|  0%| F|  |TAMS 0x00000000cae00000, 0x00000000cae00000| Untracked 
| 175|0x00000000caf00000, 0x00000000caf00000, 0x00000000cb000000|  0%| F|  |TAMS 0x00000000caf00000, 0x00000000caf00000| Untracked 
| 176|0x00000000cb000000, 0x00000000cb000000, 0x00000000cb100000|  0%| F|  |TAMS 0x00000000cb000000, 0x00000000cb000000| Untracked 
| 177|0x00000000cb100000, 0x00000000cb100000, 0x00000000cb200000|  0%| F|  |TAMS 0x00000000cb100000, 0x00000000cb100000| Untracked 
| 178|0x00000000cb200000, 0x00000000cb200000, 0x00000000cb300000|  0%| F|  |TAMS 0x00000000cb200000, 0x00000000cb200000| Untracked 
| 179|0x00000000cb300000, 0x00000000cb300000, 0x00000000cb400000|  0%| F|  |TAMS 0x00000000cb300000, 0x00000000cb300000| Untracked 
| 180|0x00000000cb400000, 0x00000000cb400800, 0x00000000cb500000|  0%| E|  |TAMS 0x00000000cb400000, 0x00000000cb400000| Complete 
| 181|0x00000000cb500000, 0x00000000cb600000, 0x00000000cb600000|100%| E|CS|TAMS 0x00000000cb500000, 0x00000000cb500000| Complete 
| 182|0x00000000cb600000, 0x00000000cb700000, 0x00000000cb700000|100%| E|CS|TAMS 0x00000000cb600000, 0x00000000cb600000| Complete 
| 183|0x00000000cb700000, 0x00000000cb800000, 0x00000000cb800000|100%| E|CS|TAMS 0x00000000cb700000, 0x00000000cb700000| Complete 
| 184|0x00000000cb800000, 0x00000000cb900000, 0x00000000cb900000|100%| E|  |TAMS 0x00000000cb800000, 0x00000000cb800000| Complete 
| 185|0x00000000cb900000, 0x00000000cba00000, 0x00000000cba00000|100%| E|CS|TAMS 0x00000000cb900000, 0x00000000cb900000| Complete 
| 186|0x00000000cba00000, 0x00000000cbb00000, 0x00000000cbb00000|100%| E|CS|TAMS 0x00000000cba00000, 0x00000000cba00000| Complete 
| 187|0x00000000cbb00000, 0x00000000cbc00000, 0x00000000cbc00000|100%| E|CS|TAMS 0x00000000cbb00000, 0x00000000cbb00000| Complete 
| 188|0x00000000cbc00000, 0x00000000cbd00000, 0x00000000cbd00000|100%| E|CS|TAMS 0x00000000cbc00000, 0x00000000cbc00000| Complete 
| 189|0x00000000cbd00000, 0x00000000cbe00000, 0x00000000cbe00000|100%| E|CS|TAMS 0x00000000cbd00000, 0x00000000cbd00000| Complete 
| 190|0x00000000cbe00000, 0x00000000cbf00000, 0x00000000cbf00000|100%| E|CS|TAMS 0x00000000cbe00000, 0x00000000cbe00000| Complete 
| 191|0x00000000cbf00000, 0x00000000cc000000, 0x00000000cc000000|100%| E|CS|TAMS 0x00000000cbf00000, 0x00000000cbf00000| Complete 
| 192|0x00000000cc000000, 0x00000000cc100000, 0x00000000cc100000|100%| E|CS|TAMS 0x00000000cc000000, 0x00000000cc000000| Complete 
| 193|0x00000000cc100000, 0x00000000cc200000, 0x00000000cc200000|100%| E|CS|TAMS 0x00000000cc100000, 0x00000000cc100000| Complete 
| 194|0x00000000cc200000, 0x00000000cc300000, 0x00000000cc300000|100%| E|CS|TAMS 0x00000000cc200000, 0x00000000cc200000| Complete 
| 195|0x00000000cc300000, 0x00000000cc400000, 0x00000000cc400000|100%| E|CS|TAMS 0x00000000cc300000, 0x00000000cc300000| Complete 
| 196|0x00000000cc400000, 0x00000000cc500000, 0x00000000cc500000|100%| E|CS|TAMS 0x00000000cc400000, 0x00000000cc400000| Complete 
| 197|0x00000000cc500000, 0x00000000cc600000, 0x00000000cc600000|100%| E|CS|TAMS 0x00000000cc500000, 0x00000000cc500000| Complete 
| 198|0x00000000cc600000, 0x00000000cc700000, 0x00000000cc700000|100%| E|CS|TAMS 0x00000000cc600000, 0x00000000cc600000| Complete 
| 199|0x00000000cc700000, 0x00000000cc800000, 0x00000000cc800000|100%| E|CS|TAMS 0x00000000cc700000, 0x00000000cc700000| Complete 
| 200|0x00000000cc800000, 0x00000000cc900000, 0x00000000cc900000|100%| E|CS|TAMS 0x00000000cc800000, 0x00000000cc800000| Complete 
| 201|0x00000000cc900000, 0x00000000cca00000, 0x00000000cca00000|100%| E|CS|TAMS 0x00000000cc900000, 0x00000000cc900000| Complete 
| 202|0x00000000cca00000, 0x00000000ccb00000, 0x00000000ccb00000|100%| E|CS|TAMS 0x00000000cca00000, 0x00000000cca00000| Complete 
| 203|0x00000000ccb00000, 0x00000000ccc00000, 0x00000000ccc00000|100%| E|CS|TAMS 0x00000000ccb00000, 0x00000000ccb00000| Complete 
| 204|0x00000000ccc00000, 0x00000000ccd00000, 0x00000000ccd00000|100%| E|CS|TAMS 0x00000000ccc00000, 0x00000000ccc00000| Complete 
| 205|0x00000000ccd00000, 0x00000000cce00000, 0x00000000cce00000|100%| E|CS|TAMS 0x00000000ccd00000, 0x00000000ccd00000| Complete 
| 206|0x00000000cce00000, 0x00000000ccf00000, 0x00000000ccf00000|100%| E|CS|TAMS 0x00000000cce00000, 0x00000000cce00000| Complete 
| 207|0x00000000ccf00000, 0x00000000cd000000, 0x00000000cd000000|100%| E|CS|TAMS 0x00000000ccf00000, 0x00000000ccf00000| Complete 
| 208|0x00000000cd000000, 0x00000000cd100000, 0x00000000cd100000|100%| E|CS|TAMS 0x00000000cd000000, 0x00000000cd000000| Complete 
| 209|0x00000000cd100000, 0x00000000cd200000, 0x00000000cd200000|100%| E|CS|TAMS 0x00000000cd100000, 0x00000000cd100000| Complete 
| 210|0x00000000cd200000, 0x00000000cd300000, 0x00000000cd300000|100%| E|CS|TAMS 0x00000000cd200000, 0x00000000cd200000| Complete 
| 211|0x00000000cd300000, 0x00000000cd400000, 0x00000000cd400000|100%| E|CS|TAMS 0x00000000cd300000, 0x00000000cd300000| Complete 
| 212|0x00000000cd400000, 0x00000000cd500000, 0x00000000cd500000|100%| E|CS|TAMS 0x00000000cd400000, 0x00000000cd400000| Complete 
| 213|0x00000000cd500000, 0x00000000cd600000, 0x00000000cd600000|100%| E|CS|TAMS 0x00000000cd500000, 0x00000000cd500000| Complete 
| 214|0x00000000cd600000, 0x00000000cd700000, 0x00000000cd700000|100%| E|CS|TAMS 0x00000000cd600000, 0x00000000cd600000| Complete 
| 215|0x00000000cd700000, 0x00000000cd800000, 0x00000000cd800000|100%| E|CS|TAMS 0x00000000cd700000, 0x00000000cd700000| Complete 
| 216|0x00000000cd800000, 0x00000000cd900000, 0x00000000cd900000|100%| E|CS|TAMS 0x00000000cd800000, 0x00000000cd800000| Complete 
| 217|0x00000000cd900000, 0x00000000cda00000, 0x00000000cda00000|100%| E|CS|TAMS 0x00000000cd900000, 0x00000000cd900000| Complete 
| 218|0x00000000cda00000, 0x00000000cdb00000, 0x00000000cdb00000|100%| E|CS|TAMS 0x00000000cda00000, 0x00000000cda00000| Complete 
| 219|0x00000000cdb00000, 0x00000000cdc00000, 0x00000000cdc00000|100%| E|CS|TAMS 0x00000000cdb00000, 0x00000000cdb00000| Complete 
| 220|0x00000000cdc00000, 0x00000000cdd00000, 0x00000000cdd00000|100%| E|CS|TAMS 0x00000000cdc00000, 0x00000000cdc00000| Complete 
| 221|0x00000000cdd00000, 0x00000000cde00000, 0x00000000cde00000|100%| E|CS|TAMS 0x00000000cdd00000, 0x00000000cdd00000| Complete 
| 222|0x00000000cde00000, 0x00000000cdf00000, 0x00000000cdf00000|100%| E|CS|TAMS 0x00000000cde00000, 0x00000000cde00000| Complete 
| 223|0x00000000cdf00000, 0x00000000ce000000, 0x00000000ce000000|100%| E|CS|TAMS 0x00000000cdf00000, 0x00000000cdf00000| Complete 
| 224|0x00000000ce000000, 0x00000000ce100000, 0x00000000ce100000|100%| E|CS|TAMS 0x00000000ce000000, 0x00000000ce000000| Complete 
| 225|0x00000000ce100000, 0x00000000ce200000, 0x00000000ce200000|100%| E|CS|TAMS 0x00000000ce100000, 0x00000000ce100000| Complete 
| 226|0x00000000ce200000, 0x00000000ce300000, 0x00000000ce300000|100%| E|CS|TAMS 0x00000000ce200000, 0x00000000ce200000| Complete 
| 227|0x00000000ce300000, 0x00000000ce400000, 0x00000000ce400000|100%| E|CS|TAMS 0x00000000ce300000, 0x00000000ce300000| Complete 
| 228|0x00000000ce400000, 0x00000000ce500000, 0x00000000ce500000|100%| E|CS|TAMS 0x00000000ce400000, 0x00000000ce400000| Complete 
| 229|0x00000000ce500000, 0x00000000ce600000, 0x00000000ce600000|100%| E|CS|TAMS 0x00000000ce500000, 0x00000000ce500000| Complete 
| 230|0x00000000ce600000, 0x00000000ce700000, 0x00000000ce700000|100%| E|CS|TAMS 0x00000000ce600000, 0x00000000ce600000| Complete 
| 231|0x00000000ce700000, 0x00000000ce800000, 0x00000000ce800000|100%| E|CS|TAMS 0x00000000ce700000, 0x00000000ce700000| Complete 
| 232|0x00000000ce800000, 0x00000000ce900000, 0x00000000ce900000|100%| E|CS|TAMS 0x00000000ce800000, 0x00000000ce800000| Complete 
| 233|0x00000000ce900000, 0x00000000cea00000, 0x00000000cea00000|100%| E|CS|TAMS 0x00000000ce900000, 0x00000000ce900000| Complete 
| 234|0x00000000cea00000, 0x00000000ceb00000, 0x00000000ceb00000|100%| E|CS|TAMS 0x00000000cea00000, 0x00000000cea00000| Complete 
| 235|0x00000000ceb00000, 0x00000000cec00000, 0x00000000cec00000|100%| E|CS|TAMS 0x00000000ceb00000, 0x00000000ceb00000| Complete 
| 236|0x00000000cec00000, 0x00000000ced00000, 0x00000000ced00000|100%| E|CS|TAMS 0x00000000cec00000, 0x00000000cec00000| Complete 
| 237|0x00000000ced00000, 0x00000000cee00000, 0x00000000cee00000|100%| E|CS|TAMS 0x00000000ced00000, 0x00000000ced00000| Complete 
| 238|0x00000000cee00000, 0x00000000cef00000, 0x00000000cef00000|100%| E|CS|TAMS 0x00000000cee00000, 0x00000000cee00000| Complete 
| 239|0x00000000cef00000, 0x00000000cf000000, 0x00000000cf000000|100%| E|CS|TAMS 0x00000000cef00000, 0x00000000cef00000| Complete 
| 240|0x00000000cf000000, 0x00000000cf100000, 0x00000000cf100000|100%| E|CS|TAMS 0x00000000cf000000, 0x00000000cf000000| Complete 
| 241|0x00000000cf100000, 0x00000000cf200000, 0x00000000cf200000|100%| E|CS|TAMS 0x00000000cf100000, 0x00000000cf100000| Complete 
| 242|0x00000000cf200000, 0x00000000cf300000, 0x00000000cf300000|100%| E|CS|TAMS 0x00000000cf200000, 0x00000000cf200000| Complete 
| 243|0x00000000cf300000, 0x00000000cf400000, 0x00000000cf400000|100%| E|CS|TAMS 0x00000000cf300000, 0x00000000cf300000| Complete 
| 244|0x00000000cf400000, 0x00000000cf500000, 0x00000000cf500000|100%| E|CS|TAMS 0x00000000cf400000, 0x00000000cf400000| Complete 
| 245|0x00000000cf500000, 0x00000000cf600000, 0x00000000cf600000|100%| E|CS|TAMS 0x00000000cf500000, 0x00000000cf500000| Complete 
| 246|0x00000000cf600000, 0x00000000cf700000, 0x00000000cf700000|100%| E|CS|TAMS 0x00000000cf600000, 0x00000000cf600000| Complete 
| 247|0x00000000cf700000, 0x00000000cf800000, 0x00000000cf800000|100%| E|CS|TAMS 0x00000000cf700000, 0x00000000cf700000| Complete 
| 248|0x00000000cf800000, 0x00000000cf900000, 0x00000000cf900000|100%| E|CS|TAMS 0x00000000cf800000, 0x00000000cf800000| Complete 
| 249|0x00000000cf900000, 0x00000000cfa00000, 0x00000000cfa00000|100%| E|CS|TAMS 0x00000000cf900000, 0x00000000cf900000| Complete 
| 250|0x00000000cfa00000, 0x00000000cfb00000, 0x00000000cfb00000|100%| E|CS|TAMS 0x00000000cfa00000, 0x00000000cfa00000| Complete 
| 251|0x00000000cfb00000, 0x00000000cfc00000, 0x00000000cfc00000|100%| E|CS|TAMS 0x00000000cfb00000, 0x00000000cfb00000| Complete 
| 252|0x00000000cfc00000, 0x00000000cfd00000, 0x00000000cfd00000|100%| E|CS|TAMS 0x00000000cfc00000, 0x00000000cfc00000| Complete 
| 253|0x00000000cfd00000, 0x00000000cfe00000, 0x00000000cfe00000|100%| E|CS|TAMS 0x00000000cfd00000, 0x00000000cfd00000| Complete 
| 254|0x00000000cfe00000, 0x00000000cff00000, 0x00000000cff00000|100%| E|CS|TAMS 0x00000000cfe00000, 0x00000000cfe00000| Complete 
| 255|0x00000000cff00000, 0x00000000d0000000, 0x00000000d0000000|100%| E|CS|TAMS 0x00000000cff00000, 0x00000000cff00000| Complete 
| 256|0x00000000d0000000, 0x00000000d0100000, 0x00000000d0100000|100%| E|CS|TAMS 0x00000000d0000000, 0x00000000d0000000| Complete 
| 257|0x00000000d0100000, 0x00000000d0200000, 0x00000000d0200000|100%| E|CS|TAMS 0x00000000d0100000, 0x00000000d0100000| Complete 
| 258|0x00000000d0200000, 0x00000000d0300000, 0x00000000d0300000|100%| E|CS|TAMS 0x00000000d0200000, 0x00000000d0200000| Complete 
| 259|0x00000000d0300000, 0x00000000d0400000, 0x00000000d0400000|100%| E|CS|TAMS 0x00000000d0300000, 0x00000000d0300000| Complete 
| 260|0x00000000d0400000, 0x00000000d0500000, 0x00000000d0500000|100%| E|CS|TAMS 0x00000000d0400000, 0x00000000d0400000| Complete 
| 261|0x00000000d0500000, 0x00000000d0600000, 0x00000000d0600000|100%| E|CS|TAMS 0x00000000d0500000, 0x00000000d0500000| Complete 
| 262|0x00000000d0600000, 0x00000000d0700000, 0x00000000d0700000|100%| E|CS|TAMS 0x00000000d0600000, 0x00000000d0600000| Complete 
| 263|0x00000000d0700000, 0x00000000d0800000, 0x00000000d0800000|100%| E|CS|TAMS 0x00000000d0700000, 0x00000000d0700000| Complete 
| 264|0x00000000d0800000, 0x00000000d0900000, 0x00000000d0900000|100%| E|CS|TAMS 0x00000000d0800000, 0x00000000d0800000| Complete 
| 265|0x00000000d0900000, 0x00000000d0a00000, 0x00000000d0a00000|100%| E|CS|TAMS 0x00000000d0900000, 0x00000000d0900000| Complete 
| 266|0x00000000d0a00000, 0x00000000d0b00000, 0x00000000d0b00000|100%| E|CS|TAMS 0x00000000d0a00000, 0x00000000d0a00000| Complete 
|1018|0x00000000ffa00000, 0x00000000ffb00000, 0x00000000ffb00000|100%| E|CS|TAMS 0x00000000ffa00000, 0x00000000ffa00000| Complete 
|1019|0x00000000ffb00000, 0x00000000ffc00000, 0x00000000ffc00000|100%| O|  |TAMS 0x00000000ffc00000, 0x00000000ffb00000| Untracked 
|1020|0x00000000ffc00000, 0x00000000ffd00000, 0x00000000ffd00000|100%| E|CS|TAMS 0x00000000ffc00000, 0x00000000ffc00000| Complete 
|1021|0x00000000ffd00000, 0x00000000ffe00000, 0x00000000ffe00000|100%| O|  |TAMS 0x00000000ffe00000, 0x00000000ffd00000| Untracked 
|1022|0x00000000ffe00000, 0x00000000fff00000, 0x00000000fff00000|100%| O|  |TAMS 0x00000000fff00000, 0x00000000ffe00000| Untracked 
|1023|0x00000000fff00000, 0x0000000100000000, 0x0000000100000000|100%| E|CS|TAMS 0x00000000fff00000, 0x00000000fff00000| Complete 

Card table byte_map: [0x000001bcfab80000,0x000001bcfad80000] _byte_map_base: 0x000001bcfa580000

Marking Bits (Prev, Next): (CMBitMap*) 0x000001bcf32f2c20, (CMBitMap*) 0x000001bcf32f2c60
 Prev Bits: [0x000001bcfaf80000, 0x000001bcfbf80000)
 Next Bits: [0x000001bcfbf80000, 0x000001bcfcf80000)

Polling page: 0x000001bcf1450000

Metaspace:

Usage:
  Non-class:     34.46 MB used.
      Class:      4.38 MB used.
       Both:     38.85 MB used.

Virtual space:
  Non-class space:       64.00 MB reserved,      34.69 MB ( 54%) committed,  1 nodes.
      Class space:        1.00 GB reserved,       4.56 MB ( <1%) committed,  1 nodes.
             Both:        1.06 GB reserved,      39.25 MB (  4%) committed. 

Chunk freelists:
   Non-Class:  13.32 MB
       Class:  11.39 MB
        Both:  24.71 MB

MaxMetaspaceSize: unlimited
CompressedClassSpaceSize: 1.00 GB
Initial GC threshold: 21.00 MB
Current GC threshold: 62.31 MB
CDS: on
MetaspaceReclaimPolicy: balanced
 - commit_granule_bytes: 65536.
 - commit_granule_words: 8192.
 - virtual_space_node_default_size: 8388608.
 - enlarge_chunks_in_place: 1.
 - new_chunks_are_fully_committed: 0.
 - uncommit_free_chunks: 1.
 - use_allocation_guard: 0.
 - handle_deallocations: 1.


Internal statistics:

num_allocs_failed_limit: 3.
num_arena_births: 284.
num_arena_deaths: 6.
num_vsnodes_births: 2.
num_vsnodes_deaths: 0.
num_space_committed: 643.
num_space_uncommitted: 15.
num_chunks_returned_to_freelist: 73.
num_chunks_taken_from_freelist: 1652.
num_chunk_merges: 19.
num_chunk_splits: 1105.
num_chunks_enlarged: 850.
num_inconsistent_stats: 0.

CodeHeap 'non-profiled nmethods': size=120064Kb used=4437Kb max_used=4437Kb free=115626Kb
 bounds [0x000001bc87ac0000, 0x000001bc87f30000, 0x000001bc8f000000]
CodeHeap 'profiled nmethods': size=120000Kb used=17283Kb max_used=18491Kb free=102716Kb
 bounds [0x000001bc80000000, 0x000001bc81210000, 0x000001bc87530000]
CodeHeap 'non-nmethods': size=5696Kb used=1274Kb max_used=1317Kb free=4421Kb
 bounds [0x000001bc87530000, 0x000001bc877a0000, 0x000001bc87ac0000]
 total_blobs=8711 nmethods=8122 adapters=501
 compilation: enabled
              stopped_count=0, restarted_count=0
 full_count=0

Compilation events (20 events):
Event: 16.030 Thread 0x000001bcf33877b0 9583       3       java.lang.ProcessEnvironment$CheckedEntrySet$1::hasNext (10 bytes)
Event: 16.030 Thread 0x000001bcf33877b0 nmethod 9583 0x000001bc80917010 code [0x000001bc809171c0, 0x000001bc80917388]
Event: 16.030 Thread 0x000001bcf33877b0 9584       3       java.lang.ProcessEnvironment$CheckedEntrySet$1::next (5 bytes)
Event: 16.030 Thread 0x000001bcf33877b0 nmethod 9584 0x000001bc804ff090 code [0x000001bc804ff260, 0x000001bc804ff748]
Event: 16.031 Thread 0x000001bcf33877b0 9585       3       java.lang.ProcessEnvironment$CheckedEntry::getKey (5 bytes)
Event: 16.031 Thread 0x000001bcf33877b0 nmethod 9585 0x000001bc80362b10 code [0x000001bc80362cc0, 0x000001bc80363008]
Event: 16.031 Thread 0x000001bcf33877b0 9586       3       java.lang.ProcessEnvironment$CheckedEntry::getValue (5 bytes)
Event: 16.031 Thread 0x000001bcf33877b0 nmethod 9586 0x000001bc8051d890 code [0x000001bc8051da40, 0x000001bc8051dd88]
Event: 16.038 Thread 0x000001bcf33877b0 9587       3       java.lang.ProcessEnvironment$NameComparator::compare (90 bytes)
Event: 16.039 Thread 0x000001bcf33877b0 nmethod 9587 0x000001bc80131e10 code [0x000001bc80132120, 0x000001bc80133418]
Event: 16.067 Thread 0x000001bcf33877b0 9589       3       java.lang.invoke.LambdaForm::returnType (26 bytes)
Event: 16.067 Thread 0x000001bcf33877b0 nmethod 9589 0x000001bc8095a310 code [0x000001bc8095a4c0, 0x000001bc8095a678]
Event: 16.077 Thread 0x000001bcf33877b0 9593       3       sun.invoke.util.VerifyAccess::isModuleAccessible (97 bytes)
Event: 16.077 Thread 0x000001bcf33877b0 nmethod 9593 0x000001bc807a3890 code [0x000001bc807a3b60, 0x000001bc807a4868]
Event: 16.123 Thread 0x000001bcf3385de0 nmethod 9556% 0x000001bc87f1ac90 code [0x000001bc87f1afc0, 0x000001bc87f20328]
Event: 16.123 Thread 0x000001bcf3385de0 9557   !   4       java.util.zip.ZipFile$Source::readFullyAt (74 bytes)
Event: 16.125 Thread 0x000001bcf3385de0 nmethod 9557 0x000001bc87e63890 code [0x000001bc87e63a40, 0x000001bc87e63e98]
Event: 16.125 Thread 0x000001bcf3385de0 9563       4       java.net.URI$Parser::checkChars (44 bytes)
Event: 16.129 Thread 0x000001bcf3385de0 nmethod 9563 0x000001bc87d4f090 code [0x000001bc87d4f220, 0x000001bc87d4f4c8]
Event: 91406.355 Thread 0x000001bcf3385de0 9595       4       jdk.internal.misc.InnocuousThread::eraseThreadLocals (23 bytes)

GC Heap History (20 events):
Event: 11.053 GC heap before
{Heap before GC invocations=31 (full 0):
 garbage-first heap   total 94208K, used 62344K [0x00000000c0000000, 0x0000000100000000)
  region size 1024K, 10 young (10240K), 2 survivors (2048K)
 Metaspace       used 26269K, committed 26560K, reserved 1114112K
  class space    used 2947K, committed 3072K, reserved 1048576K
}
Event: 11.055 GC heap after
{Heap after GC invocations=32 (full 0):
 garbage-first heap   total 94208K, used 21605K [0x00000000c0000000, 0x0000000100000000)
  region size 1024K, 2 young (2048K), 2 survivors (2048K)
 Metaspace       used 26269K, committed 26560K, reserved 1114112K
  class space    used 2947K, committed 3072K, reserved 1048576K
}
Event: 12.208 GC heap before
{Heap before GC invocations=32 (full 0):
 garbage-first heap   total 94208K, used 80997K [0x00000000c0000000, 0x0000000100000000)
  region size 1024K, 55 young (56320K), 2 survivors (2048K)
 Metaspace       used 34330K, committed 34624K, reserved 1114112K
  class space    used 3902K, committed 4032K, reserved 1048576K
}
Event: 12.228 GC heap after
{Heap after GC invocations=33 (full 0):
 garbage-first heap   total 100352K, used 43624K [0x00000000c0000000, 0x0000000100000000)
  region size 1024K, 7 young (7168K), 7 survivors (7168K)
 Metaspace       used 34330K, committed 34624K, reserved 1114112K
  class space    used 3902K, committed 4032K, reserved 1048576K
}
Event: 12.767 GC heap before
{Heap before GC invocations=33 (full 0):
 garbage-first heap   total 100352K, used 75368K [0x00000000c0000000, 0x0000000100000000)
  region size 1024K, 38 young (38912K), 7 survivors (7168K)
 Metaspace       used 35574K, committed 35904K, reserved 1114112K
  class space    used 4020K, committed 4160K, reserved 1048576K
}
Event: 12.786 GC heap after
{Heap after GC invocations=34 (full 0):
 garbage-first heap   total 100352K, used 50619K [0x00000000c0000000, 0x0000000100000000)
  region size 1024K, 5 young (5120K), 5 survivors (5120K)
 Metaspace       used 35574K, committed 35904K, reserved 1114112K
  class space    used 4020K, committed 4160K, reserved 1048576K
}
Event: 13.152 GC heap before
{Heap before GC invocations=34 (full 0):
 garbage-first heap   total 100352K, used 75195K [0x00000000c0000000, 0x0000000100000000)
  region size 1024K, 30 young (30720K), 5 survivors (5120K)
 Metaspace       used 36908K, committed 37184K, reserved 1114112K
  class space    used 4179K, committed 4288K, reserved 1048576K
}
Event: 13.159 GC heap after
{Heap after GC invocations=35 (full 0):
 garbage-first heap   total 100352K, used 52184K [0x00000000c0000000, 0x0000000100000000)
  region size 1024K, 1 young (1024K), 1 survivors (1024K)
 Metaspace       used 36908K, committed 37184K, reserved 1114112K
  class space    used 4179K, committed 4288K, reserved 1048576K
}
Event: 13.999 GC heap before
{Heap before GC invocations=36 (full 0):
 garbage-first heap   total 100352K, used 75736K [0x00000000c0000000, 0x0000000100000000)
  region size 1024K, 27 young (27648K), 1 survivors (1024K)
 Metaspace       used 38802K, committed 39232K, reserved 1114112K
  class space    used 4383K, committed 4608K, reserved 1048576K
}
Event: 14.005 GC heap after
{Heap after GC invocations=37 (full 0):
 garbage-first heap   total 100352K, used 51506K [0x00000000c0000000, 0x0000000100000000)
  region size 1024K, 3 young (3072K), 3 survivors (3072K)
 Metaspace       used 38802K, committed 39232K, reserved 1114112K
  class space    used 4383K, committed 4608K, reserved 1048576K
}
Event: 14.027 GC heap before
{Heap before GC invocations=37 (full 0):
 garbage-first heap   total 100352K, used 51506K [0x00000000c0000000, 0x0000000100000000)
  region size 1024K, 4 young (4096K), 3 survivors (3072K)
 Metaspace       used 38803K, committed 39232K, reserved 1114112K
  class space    used 4383K, committed 4608K, reserved 1048576K
}
Event: 14.038 GC heap after
{Heap after GC invocations=38 (full 0):
 garbage-first heap   total 100352K, used 51198K [0x00000000c0000000, 0x0000000100000000)
  region size 1024K, 1 young (1024K), 1 survivors (1024K)
 Metaspace       used 38803K, committed 39232K, reserved 1114112K
  class space    used 4383K, committed 4608K, reserved 1048576K
}
Event: 14.141 GC heap before
{Heap before GC invocations=38 (full 0):
 garbage-first heap   total 100352K, used 55294K [0x00000000c0000000, 0x0000000100000000)
  region size 1024K, 6 young (6144K), 1 survivors (1024K)
 Metaspace       used 38809K, committed 39232K, reserved 1114112K
  class space    used 4383K, committed 4608K, reserved 1048576K
}
Event: 14.142 GC heap after
{Heap after GC invocations=39 (full 0):
 garbage-first heap   total 100352K, used 51151K [0x00000000c0000000, 0x0000000100000000)
  region size 1024K, 1 young (1024K), 1 survivors (1024K)
 Metaspace       used 38809K, committed 39232K, reserved 1114112K
  class space    used 4383K, committed 4608K, reserved 1048576K
}
Event: 14.400 GC heap before
{Heap before GC invocations=40 (full 0):
 garbage-first heap   total 100352K, used 80847K [0x00000000c0000000, 0x0000000100000000)
  region size 1024K, 29 young (29696K), 1 survivors (1024K)
 Metaspace       used 37402K, committed 38272K, reserved 1114112K
  class space    used 4216K, committed 4544K, reserved 1048576K
}
Event: 14.413 GC heap after
{Heap after GC invocations=41 (full 0):
 garbage-first heap   total 100352K, used 64388K [0x00000000c0000000, 0x0000000100000000)
  region size 1024K, 4 young (4096K), 4 survivors (4096K)
 Metaspace       used 37402K, committed 38272K, reserved 1114112K
  class space    used 4216K, committed 4544K, reserved 1048576K
}
Event: 14.418 GC heap before
{Heap before GC invocations=41 (full 0):
 garbage-first heap   total 100352K, used 65412K [0x00000000c0000000, 0x0000000100000000)
  region size 1024K, 5 young (5120K), 4 survivors (4096K)
 Metaspace       used 37402K, committed 38272K, reserved 1114112K
  class space    used 4216K, committed 4544K, reserved 1048576K
}
Event: 14.423 GC heap after
{Heap after GC invocations=42 (full 0):
 garbage-first heap   total 100352K, used 55143K [0x00000000c0000000, 0x0000000100000000)
  region size 1024K, 1 young (1024K), 1 survivors (1024K)
 Metaspace       used 37402K, committed 38272K, reserved 1114112K
  class space    used 4216K, committed 4544K, reserved 1048576K
}
Event: 14.435 GC heap before
{Heap before GC invocations=42 (full 0):
 garbage-first heap   total 100352K, used 58215K [0x00000000c0000000, 0x0000000100000000)
  region size 1024K, 4 young (4096K), 1 survivors (1024K)
 Metaspace       used 37402K, committed 38272K, reserved 1114112K
  class space    used 4216K, committed 4544K, reserved 1048576K
}
Event: 14.441 GC heap after
{Heap after GC invocations=43 (full 0):
 garbage-first heap   total 279552K, used 50648K [0x00000000c0000000, 0x0000000100000000)
  region size 1024K, 1 young (1024K), 1 survivors (1024K)
 Metaspace       used 37402K, committed 38272K, reserved 1114112K
  class space    used 4216K, committed 4544K, reserved 1048576K
}

Deoptimization events (20 events):
Event: 16.037 Thread 0x000001bcf32b45e0 Uncommon trap: trap_request=0xffffffbe fr.pc=0x000001bc87de5c80 relative=0x00000000000010c0
Event: 16.037 Thread 0x000001bcf32b45e0 Uncommon trap: reason=profile_predicate action=maybe_recompile pc=0x000001bc87de5c80 method=java.util.TimSort.binarySort([Ljava/lang/Object;IIILjava/util/Comparator;)V @ 34 c2
Event: 16.037 Thread 0x000001bcf32b45e0 DEOPT PACKING pc=0x000001bc87de5c80 sp=0x000000747e1fd4f0
Event: 16.037 Thread 0x000001bcf32b45e0 DEOPT UNPACKING pc=0x000001bc875823a3 sp=0x000000747e1fd4c0 mode 2
Event: 16.039 Thread 0x000001bcf32b45e0 Uncommon trap: trap_request=0xffffffbe fr.pc=0x000001bc87de5c80 relative=0x00000000000010c0
Event: 16.039 Thread 0x000001bcf32b45e0 Uncommon trap: reason=profile_predicate action=maybe_recompile pc=0x000001bc87de5c80 method=java.util.TimSort.binarySort([Ljava/lang/Object;IIILjava/util/Comparator;)V @ 34 c2
Event: 16.039 Thread 0x000001bcf32b45e0 DEOPT PACKING pc=0x000001bc87de5c80 sp=0x000000747e1fd4f0
Event: 16.039 Thread 0x000001bcf32b45e0 DEOPT UNPACKING pc=0x000001bc875823a3 sp=0x000000747e1fd4c0 mode 2
Event: 16.078 Thread 0x000001bcf32b45e0 Uncommon trap: trap_request=0xffffffde fr.pc=0x000001bc87e67544 relative=0x0000000000000804
Event: 16.078 Thread 0x000001bcf32b45e0 Uncommon trap: reason=class_check action=maybe_recompile pc=0x000001bc87e67544 method=java.util.Hashtable.put(Ljava/lang/Object;Ljava/lang/Object;)Ljava/lang/Object; @ 18 c2
Event: 16.078 Thread 0x000001bcf32b45e0 DEOPT PACKING pc=0x000001bc87e67544 sp=0x000000747e1fd870
Event: 16.078 Thread 0x000001bcf32b45e0 DEOPT UNPACKING pc=0x000001bc875823a3 sp=0x000000747e1fd838 mode 2
Event: 16.078 Thread 0x000001bcf32b45e0 Uncommon trap: trap_request=0xffffffc6 fr.pc=0x000001bc87cfe010 relative=0x00000000000008d0
Event: 16.078 Thread 0x000001bcf32b45e0 Uncommon trap: reason=bimorphic_or_optimized_type_check action=maybe_recompile pc=0x000001bc87cfe010 method=java.util.Hashtable.get(Ljava/lang/Object;)Ljava/lang/Object; @ 6 c2
Event: 16.078 Thread 0x000001bcf32b45e0 DEOPT PACKING pc=0x000001bc87cfe010 sp=0x000000747e1fd890
Event: 16.078 Thread 0x000001bcf32b45e0 DEOPT UNPACKING pc=0x000001bc875823a3 sp=0x000000747e1fd840 mode 2
Event: 16.078 Thread 0x000001bcf32b45e0 Uncommon trap: trap_request=0xffffffde fr.pc=0x000001bc87e67544 relative=0x0000000000000804
Event: 16.078 Thread 0x000001bcf32b45e0 Uncommon trap: reason=class_check action=maybe_recompile pc=0x000001bc87e67544 method=java.util.Hashtable.put(Ljava/lang/Object;Ljava/lang/Object;)Ljava/lang/Object; @ 18 c2
Event: 16.078 Thread 0x000001bcf32b45e0 DEOPT PACKING pc=0x000001bc87e67544 sp=0x000000747e1fd860
Event: 16.078 Thread 0x000001bcf32b45e0 DEOPT UNPACKING pc=0x000001bc875823a3 sp=0x000000747e1fd828 mode 2

Classes unloaded (20 events):
Event: 14.177 Thread 0x000001bcf3366450 Unloading class 0x000001bc904027c8 'lombok/javac/apt/MessagerDiagnosticsReceiver'
Event: 14.177 Thread 0x000001bcf3366450 Unloading class 0x000001bc90402420 'lombok/javac/apt/InterceptingJavaFileManager'
Event: 14.177 Thread 0x000001bcf3366450 Unloading class 0x000001bc90402218 'lombok/permit/dummy/Parent'
Event: 14.177 Thread 0x000001bcf3366450 Unloading class 0x000001bc90402000 'lombok/core/CleanupRegistry'
Event: 14.177 Thread 0x000001bcf3366450 Unloading class 0x000001bc90401de8 'lombok/permit/Permit$Fake'
Event: 14.177 Thread 0x000001bcf3366450 Unloading class 0x000001bc90401be8 'lombok/permit/Permit'
Event: 14.177 Thread 0x000001bcf3366450 Unloading class 0x000001bc904019f0 'lombok/core/DiagnosticsReceiver'
Event: 14.177 Thread 0x000001bcf3366450 Unloading class 0x000001bc90401700 'lombok/javac/apt/LombokProcessor$1'
Event: 14.177 Thread 0x000001bcf3366450 Unloading class 0x000001bc90401468 'lombok/javac/apt/LombokProcessor'
Event: 14.177 Thread 0x000001bcf3366450 Unloading class 0x000001bc90401238 'lombok/core/AnnotationProcessor$EcjDescriptor'
Event: 14.177 Thread 0x000001bcf3366450 Unloading class 0x000001bc90401000 'lombok/core/AnnotationProcessor$JavacDescriptor'
Event: 14.177 Thread 0x000001bcf3366450 Unloading class 0x000001bc90400a80 'lombok/core/AnnotationProcessor$ProcessorDescriptor'
Event: 14.177 Thread 0x000001bcf3366450 Unloading class 0x000001bc90400800 'lombok/core/AnnotationProcessor'
Event: 14.177 Thread 0x000001bcf3366450 Unloading class 0x000001bc90429000 'lombok/launch/AnnotationProcessorHider$ClaimingProcessor'
Event: 14.177 Thread 0x000001bcf3366450 Unloading class 0x000001bc90400498 'lombok/launch/AnnotationProcessorHider$AstModificationNotifierData'
Event: 14.177 Thread 0x000001bcf3366450 Unloading class 0x000001bc90400218 'lombok/launch/ClassFileMetaData'
Event: 14.177 Thread 0x000001bcf3366450 Unloading class 0x000001bc90400000 'lombok/launch/PackageShader'
Event: 14.177 Thread 0x000001bcf3366450 Unloading class 0x000001bc903dc480 'lombok/launch/ShadowClassLoader'
Event: 14.177 Thread 0x000001bcf3366450 Unloading class 0x000001bc903dc280 'lombok/launch/Main'
Event: 14.177 Thread 0x000001bcf3366450 Unloading class 0x000001bc903dc000 'lombok/launch/AnnotationProcessorHider$AnnotationProcessor'

Classes redefined (0 events):
No events

Internal exceptions (20 events):
Event: 15.632 Thread 0x000001bcd4a36110 Exception <a 'sun/nio/fs/WindowsException'{0x00000000ccaa95c0}> (0x00000000ccaa95c0) 
thrown [s\open\src\hotspot\share\prims\jni.cpp, line 516]
Event: 15.635 Thread 0x000001bcd4a37040 Exception <a 'sun/nio/fs/WindowsException'{0x00000000cca08850}> (0x00000000cca08850) 
thrown [s\open\src\hotspot\share\prims\jni.cpp, line 516]
Event: 15.651 Thread 0x000001bcd4a37040 Exception <a 'sun/nio/fs/WindowsException'{0x00000000cca48ba0}> (0x00000000cca48ba0) 
thrown [s\open\src\hotspot\share\prims\jni.cpp, line 516]
Event: 15.671 Thread 0x000001bcd4a351e0 Exception <a 'sun/nio/fs/WindowsException'{0x00000000ccbd9a48}> (0x00000000ccbd9a48) 
thrown [s\open\src\hotspot\share\prims\jni.cpp, line 516]
Event: 15.703 Thread 0x000001bcf32b45e0 Exception <a 'sun/nio/fs/WindowsException'{0x00000000ccb151d0}> (0x00000000ccb151d0) 
thrown [s\open\src\hotspot\share\prims\jni.cpp, line 516]
Event: 15.704 Thread 0x000001bcf32b45e0 Exception <a 'sun/nio/fs/WindowsException'{0x00000000ccb21248}> (0x00000000ccb21248) 
thrown [s\open\src\hotspot\share\prims\jni.cpp, line 516]
Event: 15.705 Thread 0x000001bcf32b45e0 Exception <a 'sun/nio/fs/WindowsException'{0x00000000ccb29ea0}> (0x00000000ccb29ea0) 
thrown [s\open\src\hotspot\share\prims\jni.cpp, line 516]
Event: 15.706 Thread 0x000001bcf32b45e0 Exception <a 'sun/nio/fs/WindowsException'{0x00000000ccb35c00}> (0x00000000ccb35c00) 
thrown [s\open\src\hotspot\share\prims\jni.cpp, line 516]
Event: 15.707 Thread 0x000001bcf32b45e0 Exception <a 'sun/nio/fs/WindowsException'{0x00000000ccb3e7d8}> (0x00000000ccb3e7d8) 
thrown [s\open\src\hotspot\share\prims\jni.cpp, line 516]
Event: 15.707 Thread 0x000001bcf32b45e0 Exception <a 'sun/nio/fs/WindowsException'{0x00000000ccb4a4e0}> (0x00000000ccb4a4e0) 
thrown [s\open\src\hotspot\share\prims\jni.cpp, line 516]
Event: 15.710 Thread 0x000001bcf32b45e0 Exception <a 'sun/nio/fs/WindowsException'{0x00000000ccb530d0}> (0x00000000ccb530d0) 
thrown [s\open\src\hotspot\share\prims\jni.cpp, line 516]
Event: 15.711 Thread 0x000001bcf32b45e0 Exception <a 'sun/nio/fs/WindowsException'{0x00000000ccb5ee08}> (0x00000000ccb5ee08) 
thrown [s\open\src\hotspot\share\prims\jni.cpp, line 516]
Event: 15.712 Thread 0x000001bcf32b45e0 Exception <a 'sun/nio/fs/WindowsException'{0x00000000ccb67b10}> (0x00000000ccb67b10) 
thrown [s\open\src\hotspot\share\prims\jni.cpp, line 516]
Event: 15.713 Thread 0x000001bcf32b45e0 Exception <a 'sun/nio/fs/WindowsException'{0x00000000ccb73aa0}> (0x00000000ccb73aa0) 
thrown [s\open\src\hotspot\share\prims\jni.cpp, line 516]
Event: 16.067 Thread 0x000001bcf32b45e0 Exception <a 'java/lang/NoSuchMethodError'{0x00000000cb58bf20}: 'void java.lang.invoke.DirectMethodHandle$Holder.invokeStatic(java.lang.Object, long)'> (0x00000000cb58bf20) 
thrown [s\open\src\hotspot\share\interpreter\linkResolver.cpp, line 759]
Event: 16.067 Thread 0x000001bcf32b45e0 Exception <a 'java/lang/NoSuchMethodError'{0x00000000cb591478}: 'java.lang.Object java.lang.invoke.DirectMethodHandle$Holder.newInvokeSpecial(java.lang.Object, long)'> (0x00000000cb591478) 
thrown [s\open\src\hotspot\share\interpreter\linkResolver.cpp, line 759]
Event: 16.068 Thread 0x000001bcf32b45e0 Exception <a 'java/lang/NoSuchMethodError'{0x00000000cb597f78}: 'java.lang.Object java.lang.invoke.DirectMethodHandle$Holder.invokeStatic(java.lang.Object, java.lang.Object, long, java.lang.Object)'> (0x00000000cb597f78) 
thrown [s\open\src\hotspot\share\interpreter\linkResolver.cpp, line 759]
Event: 16.068 Thread 0x000001bcf32b45e0 Exception <a 'java/lang/NoSuchMethodError'{0x00000000cb59b750}: 'java.lang.Object java.lang.invoke.DirectMethodHandle$Holder.invokeStaticInit(java.lang.Object, java.lang.Object, long, java.lang.Object)'> (0x00000000cb59b750) 
thrown [s\open\src\hotspot\share\interpreter\linkResolver.cpp, line 759]
Event: 16.068 Thread 0x000001bcf32b45e0 Exception <a 'java/lang/NoSuchMethodError'{0x00000000cb5a1d60}: 'java.lang.Object java.lang.invoke.DirectMethodHandle$Holder.newInvokeSpecial(java.lang.Object, java.lang.Object, long)'> (0x00000000cb5a1d60) 
thrown [s\open\src\hotspot\share\interpreter\linkResolver.cpp, line 759]
Event: 16.069 Thread 0x000001bcf32b45e0 Exception <a 'java/lang/NoSuchMethodError'{0x00000000cb5a58d0}: 'java.lang.Object java.lang.invoke.Invokers$Holder.linkToTargetMethod(java.lang.Object, long, java.lang.Object)'> (0x00000000cb5a58d0) 
thrown [s\open\src\hotspot\share\interpreter\linkResolver.cpp, line 759]

VM Operations (20 events):
Event: 14.400 Executing VM operation: G1CollectForAllocation
Event: 14.413 Executing VM operation: G1CollectForAllocation done
Event: 14.417 Executing VM operation: G1CollectForAllocation
Event: 14.423 Executing VM operation: G1CollectForAllocation done
Event: 14.435 Executing VM operation: G1CollectForAllocation
Event: 14.442 Executing VM operation: G1CollectForAllocation done
Event: 15.236 Executing VM operation: HandshakeAllThreads
Event: 15.241 Executing VM operation: HandshakeAllThreads done
Event: 15.274 Executing VM operation: HandshakeAllThreads
Event: 15.283 Executing VM operation: HandshakeAllThreads done
Event: 15.875 Executing VM operation: HandshakeAllThreads
Event: 15.875 Executing VM operation: HandshakeAllThreads done
Event: 15.875 Executing VM operation: Cleanup
Event: 15.875 Executing VM operation: Cleanup done
Event: 16.075 Executing VM operation: HandshakeAllThreads
Event: 16.075 Executing VM operation: HandshakeAllThreads done
Event: 17.067 Executing VM operation: Cleanup
Event: 17.067 Executing VM operation: Cleanup done
Event: 60.076 Executing VM operation: HandshakeAllThreads
Event: 60.076 Executing VM operation: HandshakeAllThreads done

Events (20 events):
Event: 16.072 loading class java/util/concurrent/SynchronousQueue$Transferer done
Event: 16.072 loading class java/util/concurrent/SynchronousQueue$TransferStack done
Event: 16.072 loading class java/util/concurrent/SynchronousQueue$TransferStack$SNode
Event: 16.074 loading class java/util/concurrent/SynchronousQueue$TransferStack$SNode done
Event: 16.075 loading class java/lang/ProcessImpl$2
Event: 16.075 loading class java/lang/ProcessImpl$2 done
Event: 16.075 loading class java/lang/ProcessBuilder$NullOutputStream
Event: 16.075 loading class java/lang/ProcessBuilder$NullOutputStream done
Event: 16.075 loading class java/lang/ProcessBuilder$NullInputStream
Event: 16.075 loading class java/lang/ProcessBuilder$NullInputStream done
Event: 16.075 loading class jdk/internal/event/ProcessStartEvent
Event: 16.076 loading class jdk/internal/event/ProcessStartEvent done
Event: 16.077 loading class sun/misc/Signal
Event: 16.077 loading class sun/misc/Signal done
Event: 16.078 loading class sun/misc/SignalHandler
Event: 16.078 loading class sun/misc/SignalHandler done
Event: 16.078 loading class sun/misc/Signal$InternalMiscHandler
Event: 16.078 loading class sun/misc/Signal$InternalMiscHandler done
Event: 16.078 loading class sun/misc/Signal$SunMiscHandler
Event: 16.078 loading class sun/misc/Signal$SunMiscHandler done


Dynamic libraries:
0x00007ff7776d0000 - 0x00007ff7776e0000 	C:\Program Files\Java\jdk-17\bin\java.exe
0x00007ffc6ec40000 - 0x00007ffc6ee41000 	C:\Windows\SYSTEM32\ntdll.dll
0x00007ffc6d520000 - 0x00007ffc6d5de000 	C:\Windows\System32\KERNEL32.DLL
0x00007ffc6c370000 - 0x00007ffc6c6e0000 	C:\Windows\System32\KERNELBASE.dll
0x00007ffc6c260000 - 0x00007ffc6c370000 	C:\Windows\System32\ucrtbase.dll
0x00007ffc4a6c0000 - 0x00007ffc4a6d9000 	C:\Program Files\Java\jdk-17\bin\jli.dll
0x00007ffc4a030000 - 0x00007ffc4a04b000 	C:\Program Files\Java\jdk-17\bin\VCRUNTIME140.dll
0x00007ffc6df50000 - 0x00007ffc6e001000 	C:\Windows\System32\ADVAPI32.dll
0x00007ffc6cbd0000 - 0x00007ffc6cc73000 	C:\Windows\System32\msvcrt.dll
0x00007ffc6d700000 - 0x00007ffc6d7a2000 	C:\Windows\System32\sechost.dll
0x00007ffc6c980000 - 0x00007ffc6c9a7000 	C:\Windows\System32\bcrypt.dll
0x00007ffc6d2a0000 - 0x00007ffc6d3be000 	C:\Windows\System32\RPCRT4.dll
0x00007ffc6d7b0000 - 0x00007ffc6d955000 	C:\Windows\System32\USER32.dll
0x00007ffc6c950000 - 0x00007ffc6c976000 	C:\Windows\System32\win32u.dll
0x00007ffc6d270000 - 0x00007ffc6d29c000 	C:\Windows\System32\GDI32.dll
0x00007ffc6c9b0000 - 0x00007ffc6cacb000 	C:\Windows\System32\gdi32full.dll
0x00007ffc6c8b0000 - 0x00007ffc6c950000 	C:\Windows\System32\msvcp_win.dll
0x00007ffc56dd0000 - 0x00007ffc57075000 	C:\Windows\WinSxS\amd64_microsoft.windows.common-controls_6595b64144ccf1df_6.0.20348.2849_none_947683b1eef1cae2\COMCTL32.dll
0x00007ffc5f0e0000 - 0x00007ffc5f0ea000 	C:\Windows\SYSTEM32\VERSION.dll
0x00007ffc6e010000 - 0x00007ffc6e041000 	C:\Windows\System32\IMM32.DLL
0x00007ffc5e530000 - 0x00007ffc5e53c000 	C:\Program Files\Java\jdk-17\bin\vcruntime140_1.dll
0x00007ffc28670000 - 0x00007ffc286fe000 	C:\Program Files\Java\jdk-17\bin\msvcp140.dll
0x00007ffc20100000 - 0x00007ffc20ce0000 	C:\Program Files\Java\jdk-17\bin\server\jvm.dll
0x00007ffc6cc80000 - 0x00007ffc6cc88000 	C:\Windows\System32\PSAPI.DLL
0x00007ffc600c0000 - 0x00007ffc600c9000 	C:\Windows\SYSTEM32\WSOCK32.dll
0x00007ffc602f0000 - 0x00007ffc60317000 	C:\Windows\SYSTEM32\WINMM.dll
0x00007ffc6d420000 - 0x00007ffc6d491000 	C:\Windows\System32\WS2_32.dll
0x00007ffc6aaf0000 - 0x00007ffc6ab07000 	C:\Windows\SYSTEM32\kernel.appcore.dll
0x00007ffc5c500000 - 0x00007ffc5c50a000 	C:\Program Files\Java\jdk-17\bin\jimage.dll
0x00007ffc5f8e0000 - 0x00007ffc5faf1000 	C:\Windows\SYSTEM32\DBGHELP.DLL
0x00007ffc5f410000 - 0x00007ffc5f440000 	C:\Windows\SYSTEM32\dbgcore.DLL
0x00007ffc6cad0000 - 0x00007ffc6cb4f000 	C:\Windows\System32\bcryptPrimitives.dll
0x00007ffc47a20000 - 0x00007ffc47a45000 	C:\Program Files\Java\jdk-17\bin\java.dll
0x00007ffc21a00000 - 0x00007ffc21ad7000 	C:\Program Files\Java\jdk-17\bin\jsvml.dll
0x00007ffc6e140000 - 0x00007ffc6e89a000 	C:\Windows\System32\SHELL32.dll
0x00007ffc63b40000 - 0x00007ffc64383000 	C:\Windows\SYSTEM32\windows.storage.dll
0x00007ffc6cc90000 - 0x00007ffc6d001000 	C:\Windows\System32\combase.dll
0x00007ffc6dde0000 - 0x00007ffc6deca000 	C:\Windows\System32\SHCORE.dll
0x00007ffc6def0000 - 0x00007ffc6df4f000 	C:\Windows\System32\shlwapi.dll
0x00007ffc6c0d0000 - 0x00007ffc6c0f1000 	C:\Windows\SYSTEM32\profapi.dll
0x00007ffc49610000 - 0x00007ffc49629000 	C:\Program Files\Java\jdk-17\bin\net.dll
0x00007ffc65680000 - 0x00007ffc65788000 	C:\Windows\SYSTEM32\WINHTTP.dll
0x00007ffc6b6c0000 - 0x00007ffc6b728000 	C:\Windows\system32\mswsock.dll
0x00007ffc472d0000 - 0x00007ffc472e6000 	C:\Program Files\Java\jdk-17\bin\nio.dll
0x00007ffc46a30000 - 0x00007ffc46a48000 	C:\Program Files\Java\jdk-17\bin\zip.dll
0x00007ffc45f10000 - 0x00007ffc45f34000 	C:\apache-maven-3.9.9\lib\jansi-native\Windows\x86_64\jansi.dll
0x00007ffc5c380000 - 0x00007ffc5c390000 	C:\Program Files\Java\jdk-17\bin\verify.dll
0x00007ffc6b910000 - 0x00007ffc6b92b000 	C:\Windows\SYSTEM32\CRYPTSP.dll
0x00007ffc6b1c0000 - 0x00007ffc6b1f5000 	C:\Windows\system32\rsaenh.dll
0x00007ffc6b7c0000 - 0x00007ffc6b7ee000 	C:\Windows\SYSTEM32\USERENV.dll
0x00007ffc6b930000 - 0x00007ffc6b93c000 	C:\Windows\SYSTEM32\CRYPTBASE.dll
0x00007ffc6b3e0000 - 0x00007ffc6b40d000 	C:\Windows\SYSTEM32\IPHLPAPI.DLL
0x00007ffc6cb50000 - 0x00007ffc6cb59000 	C:\Windows\System32\NSI.dll
0x00007ffc673d0000 - 0x00007ffc673e9000 	C:\Windows\SYSTEM32\dhcpcsvc6.DLL
0x00007ffc673b0000 - 0x00007ffc673cd000 	C:\Windows\SYSTEM32\dhcpcsvc.DLL
0x00007ffc6b410000 - 0x00007ffc6b4f7000 	C:\Windows\SYSTEM32\DNSAPI.dll
0x00007ffc62e70000 - 0x00007ffc62e7a000 	C:\Windows\System32\rasadhlp.dll
0x00007ffc65be0000 - 0x00007ffc65c63000 	C:\Windows\System32\fwpuclnt.dll
0x00007ffc5af70000 - 0x00007ffc5af7e000 	C:\Program Files\Java\jdk-17\bin\sunmscapi.dll
0x00007ffc6c6e0000 - 0x00007ffc6c83f000 	C:\Windows\System32\CRYPT32.dll
0x00007ffc6ba30000 - 0x00007ffc6ba5f000 	C:\Windows\SYSTEM32\ncrypt.dll
0x00007ffc6b9f0000 - 0x00007ffc6ba27000 	C:\Windows\SYSTEM32\NTASN1.dll

dbghelp: loaded successfully - version: 4.0.5 - missing functions: none
symbol engine: initialized successfully - sym options: 0x614 - pdb path: .;C:\Program Files\Java\jdk-17\bin;C:\Windows\SYSTEM32;C:\Windows\WinSxS\amd64_microsoft.windows.common-controls_6595b64144ccf1df_6.0.20348.2849_none_947683b1eef1cae2;C:\Program Files\Java\jdk-17\bin\server;C:\apache-maven-3.9.9\lib\jansi-native\Windows\x86_64

VM Arguments:
jvm_args: -Dclassworlds.conf=C:\apache-maven-3.9.9\bin\m2.conf -Dmaven.home=C:\apache-maven-3.9.9 -Dlibrary.jansi.path=C:\apache-maven-3.9.9\lib\jansi-native -Dmaven.multiModuleProjectDirectory=D:\EmployeeManagementAPI 
java_command: org.codehaus.plexus.classworlds.launcher.Launcher spring-boot:run
java_class_path (initial): C:\apache-maven-3.9.9\boot\plexus-classworlds-2.8.0.jar
Launcher Type: SUN_STANDARD

[Global flags]
     intx CICompilerCount                          = 2                                         {product} {ergonomic}
     uint ConcGCThreads                            = 1                                         {product} {ergonomic}
     uint G1ConcRefinementThreads                  = 2                                         {product} {ergonomic}
   size_t G1HeapRegionSize                         = 1048576                                   {product} {ergonomic}
    uintx GCDrainStackTargetSize                   = 64                                        {product} {ergonomic}
   size_t InitialHeapSize                          = 67108864                                  {product} {ergonomic}
   size_t MarkStackSize                            = 4194304                                   {product} {ergonomic}
   size_t MaxHeapSize                              = 1073741824                                {product} {ergonomic}
   size_t MaxNewSize                               = 643825664                                 {product} {ergonomic}
   size_t MinHeapDeltaBytes                        = 1048576                                   {product} {ergonomic}
   size_t MinHeapSize                              = 8388608                                   {product} {ergonomic}
    uintx NonNMethodCodeHeapSize                   = 5826188                                {pd product} {ergonomic}
    uintx NonProfiledCodeHeapSize                  = 122916026                              {pd product} {ergonomic}
    uintx ProfiledCodeHeapSize                     = 122916026                              {pd product} {ergonomic}
    uintx ReservedCodeCacheSize                    = 251658240                              {pd product} {ergonomic}
     bool SegmentedCodeCache                       = true                                      {product} {ergonomic}
   size_t SoftMaxHeapSize                          = 1073741824                             {manageable} {ergonomic}
     bool UseCompressedClassPointers               = true                           {product lp64_product} {ergonomic}
     bool UseCompressedOops                        = true                           {product lp64_product} {ergonomic}
     bool UseG1GC                                  = true                                      {product} {ergonomic}
     bool UseLargePagesIndividualAllocation        = false                                  {pd product} {ergonomic}

Logging:
Log output configuration:
 #0: stdout all=warning uptime,level,tags
 #1: stderr all=off uptime,level,tags

Environment Variables:
JAVA_HOME=C:\Program Files\Java\jdk-17
PATH=C:\Program Files\MySQL\MySQL Server 8.0\bin;D:\nodejs\;C:\Program Files\Common Files\Oracle\Java\javapath;C:\Windows\system32;C:\Windows;C:\Windows\System32\Wbem;C:\Windows\System32\WindowsPowerShell\v1.0\;C:\Windows\System32\OpenSSH\;C:\Program Files\Amazon\cfn-bootstrap\;C:\Program Files\Java\jdk-17\bin;C:\apache-maven-3.9.9\bin;C:\Program Files\Git\cmd;C:\Program Files\Git\bin;D:\npm-global;"C:\Program Files\MySQL\MySQL Shell 8.0\bin;";"C:\Users\Administrator\AppData\Local\Microsoft\WindowsApps;";C:\Users\Administrator\AppData\Roaming\npm
USERNAME=Administrator
OS=Windows_NT
PROCESSOR_IDENTIFIER=Intel64 Family 6 Model 79 Stepping 1, GenuineIntel



---------------  S Y S T E M  ---------------

OS:
 Windows Server 2022 , 64 bit Build 20348 (10.0.20348.3089)
OS uptime: 19 days 3:23 hours
Xen hardware-assisted virtualization detected

CPU: total 2 (initial active 2) (2 cores per cpu, 1 threads per core) family 6 model 79 stepping 1 microcode 0xd0003f6, cx8, cmov, fxsr, mmx, sse, sse2, sse3, ssse3, sse4.1, sse4.2, popcnt, lzcnt, tsc, avx, avx2, aes, erms, clmul, bmi1, bmi2, fma, vzeroupper, clflush, hv

Memory: 4k page, system-wide physical 4095M (50M free)
TotalPageFile size 18360M (AvailPageFile size 0M)
current process WorkingSet (physical memory assigned to process): 14M, peak: 308M
current process commit charge ("private bytes"): 430M, peak: 456M

vm_info: Java HotSpot(TM) 64-Bit Server VM (17.0.12+8-LTS-286) for windows-amd64 JRE (17.0.12+8-LTS-286), built on Jun  5 2024 06:46:59 by "mach5one" with MS VC++ 17.6 (VS2022)

END.
